[2016-08-26 20:37:13.151] [INFO] crash-log - [32m[F:\work\pomelo\chat\chatofpomelo-websocket\game-server\node_modules\pomelo\lib\master\master.js] [39m[chat],[chat-server-1],[1472215033151],[disconnect]
[2016-08-26 20:37:13.153] [INFO] crash-log - [32m[F:\work\pomelo\chat\chatofpomelo-websocket\game-server\node_modules\pomelo\lib\master\master.js] [39m[gate],[gate-server-1],[1472215033153],[disconnect]
[2016-08-26 20:37:13.155] [INFO] crash-log - [32m[F:\work\pomelo\chat\chatofpomelo-websocket\game-server\node_modules\pomelo\lib\master\master.js] [39m[connector],[connector-server-1],[1472215033155],[disconnect]
[2016-08-26 20:41:20.312] [INFO] crash-log - [32m[F:\work\pomelo\chat\chatofpomelo-websocket\game-server\node_modules\pomelo\lib\master\master.js] [39m[client],[pomelo_list_1472215220217],[1472215280312],[disconnect]
[2016-08-26 20:43:03.965] [INFO] crash-log - [32m[F:\work\pomelo\chat\chatofpomelo-websocket\game-server\node_modules\pomelo\lib\master\master.js] [39m[client],[pomelo_list_1472215323874],[1472215383965],[disconnect]
[2016-08-26 20:43:08.918] [INFO] crash-log - [32m[F:\work\pomelo\chat\chatofpomelo-websocket\game-server\node_modules\pomelo\lib\master\master.js] [39m[client],[pomelo_list_1472215328828],[1472215388918],[disconnect]
[2016-09-09 08:06:43.033] [INFO] crash-log - [32m[F:\work\HuntingGroundServer\node_modules\pomelo\lib\master\master.js] [39m[master],[master-server-1],[1473379603033],[disconnect]
[2016-09-09 08:06:43.037] [INFO] crash-log - [32m[F:\work\HuntingGroundServer\node_modules\pomelo\lib\master\master.js] [39m[gate],[gate-server-2],[1473379603037],[disconnect]
[2016-09-09 08:06:43.039] [INFO] crash-log - [32m[F:\work\HuntingGroundServer\node_modules\pomelo\lib\master\master.js] [39m[time],[time-server-1],[1473379603039],[disconnect]
[2016-09-09 08:06:43.040] [INFO] crash-log - [32m[F:\work\HuntingGroundServer\node_modules\pomelo\lib\master\master.js] [39m[time],[time-server-2],[1473379603040],[disconnect]
[2016-09-09 08:06:43.043] [INFO] crash-log - [32m[F:\work\HuntingGroundServer\node_modules\pomelo\lib\master\master.js] [39m[chat],[chat-server-1],[1473379603042],[disconnect]
[2016-09-09 08:06:43.050] [INFO] crash-log - [32m[F:\work\HuntingGroundServer\node_modules\pomelo\lib\master\master.js] [39m[connector],[connector-server-1],[1473379603050],[disconnect]
[2016-09-09 08:06:43.051] [INFO] crash-log - [32m[F:\work\HuntingGroundServer\node_modules\pomelo\lib\master\master.js] [39m[user],[user-server-1],[1473379603051],[disconnect]
[2016-09-10 18:40:43.849] [INFO] crash-log - [32m[F:\work\HuntingGroundServer\node_modules\pomelo\lib\master\master.js] [39m[client],[pomelo_list_1473503983434],[1473504043849],[disconnect]
[2016-09-10 23:58:40.854] [INFO] crash-log - [32m[F:\work\HuntingGroundServer\node_modules\pomelo\lib\master\master.js] [39m[client],[pomelo_list_1473523060744],[1473523120854],[disconnect]
[2016-09-14 08:10:57.717] [INFO] crash-log - [32m[F:\work\HuntingGroundServer\node_modules\pomelo\lib\master\master.js] [39m[time],[time-server-1],[1473811857717],[disconnect]
[2016-09-14 08:10:57.718] [INFO] crash-log - [32m[F:\work\HuntingGroundServer\node_modules\pomelo\lib\master\master.js] [39m[time],[time-server-2],[1473811857718],[disconnect]
[2016-09-14 08:10:57.719] [INFO] crash-log - [32m[F:\work\HuntingGroundServer\node_modules\pomelo\lib\master\master.js] [39m[user],[user-server-1],[1473811857719],[disconnect]
[2016-09-14 08:10:57.720] [INFO] crash-log - [32m[F:\work\HuntingGroundServer\node_modules\pomelo\lib\master\master.js] [39m[chat],[chat-server-1],[1473811857720],[disconnect]
[2016-09-14 08:10:57.721] [INFO] crash-log - [32m[F:\work\HuntingGroundServer\node_modules\pomelo\lib\master\master.js] [39m[gate],[gate-server-1],[1473811857721],[disconnect]
[2016-09-14 08:10:57.721] [INFO] crash-log - [32m[F:\work\HuntingGroundServer\node_modules\pomelo\lib\master\master.js] [39m[connector],[connector-server-1],[1473811857721],[disconnect]
[2016-09-14 08:10:57.722] [INFO] crash-log - [32m[F:\work\HuntingGroundServer\node_modules\pomelo\lib\master\master.js] [39m[master],[master-server-1],[1473811857722],[disconnect]
[2016-09-15 08:30:22.134] [INFO] crash-log - [32m[F:\work\HuntingGroundServer\node_modules\pomelo\lib\master\master.js] [39m[master],[master-server-1],[1473899422134],[disconnect]
[2016-09-15 08:30:22.137] [INFO] crash-log - [32m[F:\work\HuntingGroundServer\node_modules\pomelo\lib\master\master.js] [39m[chat],[chat-server-1],[1473899422137],[disconnect]
[2016-09-15 08:30:22.138] [INFO] crash-log - [32m[F:\work\HuntingGroundServer\node_modules\pomelo\lib\master\master.js] [39m[user],[user-server-1],[1473899422138],[disconnect]
[2016-09-15 08:30:22.140] [INFO] crash-log - [32m[F:\work\HuntingGroundServer\node_modules\pomelo\lib\master\master.js] [39m[time],[time-server-2],[1473899422140],[disconnect]
[2016-09-15 08:30:22.141] [INFO] crash-log - [32m[F:\work\HuntingGroundServer\node_modules\pomelo\lib\master\master.js] [39m[time],[time-server-1],[1473899422141],[disconnect]
[2016-09-16 03:29:34.379] [INFO] crash-log - [32m[F:\work\HuntingGroundServer\node_modules\pomelo\lib\master\master.js] [39m[connector],[connector-server-1],[1473967774379],[disconnect]
[2016-09-16 03:29:34.382] [INFO] crash-log - [32m[F:\work\HuntingGroundServer\node_modules\pomelo\lib\master\master.js] [39m[chat],[chat-server-1],[1473967774382],[disconnect]
[2016-09-16 03:29:34.383] [INFO] crash-log - [32m[F:\work\HuntingGroundServer\node_modules\pomelo\lib\master\master.js] [39m[time],[time-server-1],[1473967774383],[disconnect]
[2016-09-16 03:29:34.384] [INFO] crash-log - [32m[F:\work\HuntingGroundServer\node_modules\pomelo\lib\master\master.js] [39m[gate],[gate-server-1],[1473967774383],[disconnect]
[2016-09-16 03:29:34.385] [INFO] crash-log - [32m[F:\work\HuntingGroundServer\node_modules\pomelo\lib\master\master.js] [39m[master],[master-server-1],[1473967774385],[disconnect]
[2016-09-16 03:29:34.385] [INFO] crash-log - [32m[F:\work\HuntingGroundServer\node_modules\pomelo\lib\master\master.js] [39m[user],[user-server-1],[1473967774385],[disconnect]
[2016-09-16 03:29:34.386] [INFO] crash-log - [32m[F:\work\HuntingGroundServer\node_modules\pomelo\lib\master\master.js] [39m[time],[time-server-2],[1473967774386],[disconnect]
[2016-09-17 03:29:29.676] [INFO] crash-log - [32m[F:\work\HuntingGroundServer\node_modules\pomelo\lib\master\master.js] [39m[user],[user-server-1],[1474054169676],[disconnect]
[2016-09-17 03:29:29.678] [INFO] crash-log - [32m[F:\work\HuntingGroundServer\node_modules\pomelo\lib\master\master.js] [39m[connector],[connector-server-1],[1474054169678],[disconnect]
[2016-09-17 03:29:29.679] [INFO] crash-log - [32m[F:\work\HuntingGroundServer\node_modules\pomelo\lib\master\master.js] [39m[chat],[chat-server-1],[1474054169679],[disconnect]
[2016-09-17 03:29:29.680] [INFO] crash-log - [32m[F:\work\HuntingGroundServer\node_modules\pomelo\lib\master\master.js] [39m[time],[time-server-2],[1474054169680],[disconnect]
[2016-09-17 03:29:29.681] [INFO] crash-log - [32m[F:\work\HuntingGroundServer\node_modules\pomelo\lib\master\master.js] [39m[gate],[gate-server-1],[1474054169681],[disconnect]
[2016-09-17 03:29:29.682] [INFO] crash-log - [32m[F:\work\HuntingGroundServer\node_modules\pomelo\lib\master\master.js] [39m[master],[master-server-1],[1474054169682],[disconnect]
[2016-09-17 03:29:29.683] [INFO] crash-log - [32m[F:\work\HuntingGroundServer\node_modules\pomelo\lib\master\master.js] [39m[time],[time-server-1],[1474054169683],[disconnect]
[2016-09-18 03:44:29.699] [INFO] crash-log - [32m[F:\work\HuntingGroundServer\node_modules\pomelo\lib\master\master.js] [39m[time],[time-server-2],[1474141469699],[disconnect]
[2016-09-18 03:44:29.749] [INFO] crash-log - [32m[F:\work\HuntingGroundServer\node_modules\pomelo\lib\master\master.js] [39m[connector],[connector-server-1],[1474141469748],[disconnect]
[2016-09-18 03:44:29.798] [INFO] crash-log - [32m[F:\work\HuntingGroundServer\node_modules\pomelo\lib\master\master.js] [39m[gate],[gate-server-1],[1474141469798],[disconnect]
[2016-09-18 03:44:29.802] [INFO] crash-log - [32m[F:\work\HuntingGroundServer\node_modules\pomelo\lib\master\master.js] [39m[user],[user-server-1],[1474141469802],[disconnect]
[2016-09-18 03:44:29.803] [INFO] crash-log - [32m[F:\work\HuntingGroundServer\node_modules\pomelo\lib\master\master.js] [39m[time],[time-server-1],[1474141469803],[disconnect]
[2016-09-18 03:44:29.804] [INFO] crash-log - [32m[F:\work\HuntingGroundServer\node_modules\pomelo\lib\master\master.js] [39m[master],[master-server-1],[1474141469804],[disconnect]
[2016-09-18 03:44:29.805] [INFO] crash-log - [32m[F:\work\HuntingGroundServer\node_modules\pomelo\lib\master\master.js] [39m[chat],[chat-server-1],[1474141469805],[disconnect]
[2016-09-19 03:29:30.671] [INFO] crash-log - [32m[F:\work\HuntingGroundServer\node_modules\pomelo\lib\master\master.js] [39m[connector],[connector-server-1],[1474226970671],[disconnect]
[2016-09-19 03:29:30.675] [INFO] crash-log - [32m[F:\work\HuntingGroundServer\node_modules\pomelo\lib\master\master.js] [39m[game],[game-server-1],[1474226970675],[disconnect]
[2016-09-19 03:29:30.678] [INFO] crash-log - [32m[F:\work\HuntingGroundServer\node_modules\pomelo\lib\master\master.js] [39m[master],[master-server-1],[1474226970677],[disconnect]
[2016-09-19 03:29:30.681] [INFO] crash-log - [32m[F:\work\HuntingGroundServer\node_modules\pomelo\lib\master\master.js] [39m[time],[time-server-1],[1474226970681],[disconnect]
[2016-09-19 03:29:30.685] [INFO] crash-log - [32m[F:\work\HuntingGroundServer\node_modules\pomelo\lib\master\master.js] [39m[chat],[chat-server-1],[1474226970685],[disconnect]
[2016-09-19 03:29:30.686] [INFO] crash-log - [32m[F:\work\HuntingGroundServer\node_modules\pomelo\lib\master\master.js] [39m[gate],[gate-server-1],[1474226970686],[disconnect]
[2016-09-19 03:29:30.687] [INFO] crash-log - [32m[F:\work\HuntingGroundServer\node_modules\pomelo\lib\master\master.js] [39m[time],[time-server-2],[1474226970687],[disconnect]
[2016-09-21 08:59:29.610] [INFO] crash-log - [32m[F:\work\HuntingGroundServer\node_modules\pomelo\lib\master\master.js] [39m[time],[time-server-2],[1474419569610],[disconnect]
[2016-09-21 08:59:29.615] [INFO] crash-log - [32m[F:\work\HuntingGroundServer\node_modules\pomelo\lib\master\master.js] [39m[time],[time-server-1],[1474419569615],[disconnect]
[2016-09-21 08:59:29.618] [INFO] crash-log - [32m[F:\work\HuntingGroundServer\node_modules\pomelo\lib\master\master.js] [39m[game],[game-server-1],[1474419569617],[disconnect]
[2016-09-21 08:59:29.619] [INFO] crash-log - [32m[F:\work\HuntingGroundServer\node_modules\pomelo\lib\master\master.js] [39m[connector],[connector-server-1],[1474419569619],[disconnect]
[2016-09-21 08:59:29.620] [INFO] crash-log - [32m[F:\work\HuntingGroundServer\node_modules\pomelo\lib\master\master.js] [39m[chat],[chat-server-1],[1474419569620],[disconnect]
[2016-09-21 08:59:29.621] [INFO] crash-log - [32m[F:\work\HuntingGroundServer\node_modules\pomelo\lib\master\master.js] [39m[master],[master-server-1],[1474419569621],[disconnect]
[2016-09-21 08:59:29.621] [INFO] crash-log - [32m[F:\work\HuntingGroundServer\node_modules\pomelo\lib\master\master.js] [39m[gate],[gate-server-1],[1474419569621],[disconnect]
[2016-09-24 07:43:40.152] [INFO] crash-log - [32m[F:\work\HuntingGroundServer\node_modules\pomelo\lib\master\master.js] [39m[chat],[chat-server-1],[1474674220152],[disconnect]
[2016-09-24 07:43:40.154] [INFO] crash-log - [32m[F:\work\HuntingGroundServer\node_modules\pomelo\lib\master\master.js] [39m[time],[time-server-1],[1474674220154],[disconnect]
[2016-09-24 07:43:40.156] [INFO] crash-log - [32m[F:\work\HuntingGroundServer\node_modules\pomelo\lib\master\master.js] [39m[time],[time-server-2],[1474674220156],[disconnect]
[2016-09-24 07:43:40.158] [INFO] crash-log - [32m[F:\work\HuntingGroundServer\node_modules\pomelo\lib\master\master.js] [39m[master],[master-server-1],[1474674220158],[disconnect]
[2016-09-24 07:43:40.159] [INFO] crash-log - [32m[F:\work\HuntingGroundServer\node_modules\pomelo\lib\master\master.js] [39m[gate],[gate-server-1],[1474674220159],[disconnect]
[2016-09-24 07:43:40.160] [INFO] crash-log - [32m[F:\work\HuntingGroundServer\node_modules\pomelo\lib\master\master.js] [39m[game],[game-server-1],[1474674220160],[disconnect]
[2016-09-24 07:43:40.163] [INFO] crash-log - [32m[F:\work\HuntingGroundServer\node_modules\pomelo\lib\master\master.js] [39m[connector],[connector-server-1],[1474674220163],[disconnect]
[2016-09-25 08:00:18.057] [INFO] crash-log - [32m[F:\work\HuntingGroundServer\node_modules\pomelo\lib\master\master.js] [39m[chat],[chat-server-1],[1474761618057],[disconnect]
[2016-09-25 08:00:18.060] [INFO] crash-log - [32m[F:\work\HuntingGroundServer\node_modules\pomelo\lib\master\master.js] [39m[time],[time-server-1],[1474761618060],[disconnect]
[2016-09-25 08:00:18.064] [INFO] crash-log - [32m[F:\work\HuntingGroundServer\node_modules\pomelo\lib\master\master.js] [39m[connector],[connector-server-1],[1474761618064],[disconnect]
[2016-09-25 08:00:18.066] [INFO] crash-log - [32m[F:\work\HuntingGroundServer\node_modules\pomelo\lib\master\master.js] [39m[game],[game-server-1],[1474761618066],[disconnect]
[2016-09-25 08:00:18.066] [INFO] crash-log - [32m[F:\work\HuntingGroundServer\node_modules\pomelo\lib\master\master.js] [39m[time],[time-server-2],[1474761618066],[disconnect]
[2016-09-25 08:00:18.067] [INFO] crash-log - [32m[F:\work\HuntingGroundServer\node_modules\pomelo\lib\master\master.js] [39m[master],[master-server-1],[1474761618067],[disconnect]
[2016-09-25 08:00:18.067] [INFO] crash-log - [32m[F:\work\HuntingGroundServer\node_modules\pomelo\lib\master\master.js] [39m[gate],[gate-server-1],[1474761618067],[disconnect]
[2016-09-26 08:39:50.866] [INFO] crash-log - [32m[F:\work\HuntingGroundServer\node_modules\pomelo\lib\master\master.js] [39m[chat],[chat-server-1],[1474850390866],[disconnect]
[2016-09-26 08:39:50.869] [INFO] crash-log - [32m[F:\work\HuntingGroundServer\node_modules\pomelo\lib\master\master.js] [39m[time],[time-server-1],[1474850390869],[disconnect]
[2016-09-26 08:39:50.870] [INFO] crash-log - [32m[F:\work\HuntingGroundServer\node_modules\pomelo\lib\master\master.js] [39m[time],[time-server-2],[1474850390870],[disconnect]
[2016-09-26 08:39:50.872] [INFO] crash-log - [32m[F:\work\HuntingGroundServer\node_modules\pomelo\lib\master\master.js] [39m[gate],[gate-server-1],[1474850390872],[disconnect]
[2016-09-26 08:39:50.873] [INFO] crash-log - [32m[F:\work\HuntingGroundServer\node_modules\pomelo\lib\master\master.js] [39m[game],[game-server-1],[1474850390873],[disconnect]
[2016-09-26 08:39:50.874] [INFO] crash-log - [32m[F:\work\HuntingGroundServer\node_modules\pomelo\lib\master\master.js] [39m[connector],[connector-server-1],[1474850390874],[disconnect]
[2016-09-26 08:39:50.875] [INFO] crash-log - [32m[F:\work\HuntingGroundServer\node_modules\pomelo\lib\master\master.js] [39m[master],[master-server-1],[1474850390875],[disconnect]
[2016-09-27 08:54:06.957] [INFO] crash-log - [32m[F:\work\HuntingGroundServer\node_modules\pomelo\lib\master\master.js] [39m[chat],[chat-server-1],[1474937646957],[disconnect]
[2016-09-27 08:54:06.960] [INFO] crash-log - [32m[F:\work\HuntingGroundServer\node_modules\pomelo\lib\master\master.js] [39m[time],[time-server-2],[1474937646960],[disconnect]
[2016-09-27 08:54:06.964] [INFO] crash-log - [32m[F:\work\HuntingGroundServer\node_modules\pomelo\lib\master\master.js] [39m[time],[time-server-1],[1474937646964],[disconnect]
[2016-09-27 08:54:06.966] [INFO] crash-log - [32m[F:\work\HuntingGroundServer\node_modules\pomelo\lib\master\master.js] [39m[connector],[connector-server-1],[1474937646966],[disconnect]
[2016-09-27 08:54:06.968] [INFO] crash-log - [32m[F:\work\HuntingGroundServer\node_modules\pomelo\lib\master\master.js] [39m[game],[game-server-1],[1474937646968],[disconnect]
[2016-09-27 08:54:06.969] [INFO] crash-log - [32m[F:\work\HuntingGroundServer\node_modules\pomelo\lib\master\master.js] [39m[gate],[gate-server-1],[1474937646969],[disconnect]
[2016-09-27 08:54:06.970] [INFO] crash-log - [32m[F:\work\HuntingGroundServer\node_modules\pomelo\lib\master\master.js] [39m[master],[master-server-1],[1474937646970],[disconnect]
[2016-09-28 08:48:42.509] [INFO] crash-log - [32m[F:\work\HuntingGroundServer\node_modules\pomelo\lib\master\master.js] [39m[time],[time-server-2],[1475023722509],[disconnect]
[2016-09-28 08:48:42.512] [INFO] crash-log - [32m[F:\work\HuntingGroundServer\node_modules\pomelo\lib\master\master.js] [39m[game],[game-server-1],[1475023722512],[disconnect]
[2016-09-28 08:48:42.513] [INFO] crash-log - [32m[F:\work\HuntingGroundServer\node_modules\pomelo\lib\master\master.js] [39m[time],[time-server-1],[1475023722513],[disconnect]
[2016-09-28 08:48:42.516] [INFO] crash-log - [32m[F:\work\HuntingGroundServer\node_modules\pomelo\lib\master\master.js] [39m[chat],[chat-server-1],[1475023722516],[disconnect]
[2016-09-28 08:48:42.518] [INFO] crash-log - [32m[F:\work\HuntingGroundServer\node_modules\pomelo\lib\master\master.js] [39m[gate],[gate-server-1],[1475023722518],[disconnect]
[2016-09-28 08:48:42.518] [INFO] crash-log - [32m[F:\work\HuntingGroundServer\node_modules\pomelo\lib\master\master.js] [39m[connector],[connector-server-1],[1475023722518],[disconnect]
[2016-09-28 08:48:42.519] [INFO] crash-log - [32m[F:\work\HuntingGroundServer\node_modules\pomelo\lib\master\master.js] [39m[master],[master-server-1],[1475023722519],[disconnect]
[2016-09-29 08:28:35.084] [INFO] crash-log - [32m[F:\work\HuntingGroundServer\node_modules\pomelo\lib\master\master.js] [39m[time],[time-server-2],[1475108915084],[disconnect]
[2016-09-29 08:28:35.087] [INFO] crash-log - [32m[F:\work\HuntingGroundServer\node_modules\pomelo\lib\master\master.js] [39m[connector],[connector-server-1],[1475108915087],[disconnect]
[2016-09-29 08:28:35.090] [INFO] crash-log - [32m[F:\work\HuntingGroundServer\node_modules\pomelo\lib\master\master.js] [39m[time],[time-server-1],[1475108915090],[disconnect]
[2016-09-29 08:28:35.272] [INFO] crash-log - [32m[F:\work\HuntingGroundServer\node_modules\pomelo\lib\master\master.js] [39m[game],[game-server-1],[1475108915272],[disconnect]
[2016-09-29 08:28:35.273] [INFO] crash-log - [32m[F:\work\HuntingGroundServer\node_modules\pomelo\lib\master\master.js] [39m[chat],[chat-server-1],[1475108915273],[disconnect]
[2016-09-29 08:28:35.274] [INFO] crash-log - [32m[F:\work\HuntingGroundServer\node_modules\pomelo\lib\master\master.js] [39m[master],[master-server-1],[1475108915274],[disconnect]
[2016-09-29 08:28:35.275] [INFO] crash-log - [32m[F:\work\HuntingGroundServer\node_modules\pomelo\lib\master\master.js] [39m[gate],[gate-server-1],[1475108915275],[disconnect]
[2016-09-30 09:41:57.070] [INFO] crash-log - [32m[F:\work\HuntingGroundServer\node_modules\pomelo\lib\master\master.js] [39m[time],[time-server-1],[1475199717070],[disconnect]
[2016-09-30 09:41:57.077] [INFO] crash-log - [32m[F:\work\HuntingGroundServer\node_modules\pomelo\lib\master\master.js] [39m[time],[time-server-2],[1475199717077],[disconnect]
[2016-09-30 09:41:57.077] [INFO] crash-log - [32m[F:\work\HuntingGroundServer\node_modules\pomelo\lib\master\master.js] [39m[connector],[connector-server-1],[1475199717077],[disconnect]
[2016-09-30 09:41:57.078] [INFO] crash-log - [32m[F:\work\HuntingGroundServer\node_modules\pomelo\lib\master\master.js] [39m[game],[game-server-1],[1475199717078],[disconnect]
[2016-09-30 09:41:57.079] [INFO] crash-log - [32m[F:\work\HuntingGroundServer\node_modules\pomelo\lib\master\master.js] [39m[chat],[chat-server-1],[1475199717079],[disconnect]
[2016-09-30 09:41:57.080] [INFO] crash-log - [32m[F:\work\HuntingGroundServer\node_modules\pomelo\lib\master\master.js] [39m[master],[master-server-1],[1475199717080],[disconnect]
[2016-09-30 09:41:57.081] [INFO] crash-log - [32m[F:\work\HuntingGroundServer\node_modules\pomelo\lib\master\master.js] [39m[gate],[gate-server-1],[1475199717081],[disconnect]
[2016-10-01 07:17:55.456] [INFO] crash-log - [32m[F:\work\HuntingGroundServer\node_modules\pomelo\lib\master\master.js] [39m[chat],[chat-server-1],[1475277475456],[disconnect]
[2016-10-01 07:17:56.138] [INFO] crash-log - [32m[F:\work\HuntingGroundServer\node_modules\pomelo\lib\master\master.js] [39m[gate],[gate-server-1],[1475277476138],[disconnect]
[2016-10-01 07:17:56.138] [INFO] crash-log - [32m[F:\work\HuntingGroundServer\node_modules\pomelo\lib\master\master.js] [39m[time],[time-server-2],[1475277476138],[disconnect]
[2016-10-01 07:17:56.140] [INFO] crash-log - [32m[F:\work\HuntingGroundServer\node_modules\pomelo\lib\master\master.js] [39m[master],[master-server-1],[1475277476140],[disconnect]
[2016-10-01 07:17:56.140] [INFO] crash-log - [32m[F:\work\HuntingGroundServer\node_modules\pomelo\lib\master\master.js] [39m[game],[game-server-1],[1475277476140],[disconnect]
[2016-10-01 07:17:56.141] [INFO] crash-log - [32m[F:\work\HuntingGroundServer\node_modules\pomelo\lib\master\master.js] [39m[connector],[connector-server-1],[1475277476141],[disconnect]
[2016-10-01 07:17:56.141] [INFO] crash-log - [32m[F:\work\HuntingGroundServer\node_modules\pomelo\lib\master\master.js] [39m[time],[time-server-1],[1475277476141],[disconnect]
[2016-10-01 07:18:56.157] [INFO] crash-log - [32m[F:\work\HuntingGroundServer\node_modules\pomelo\lib\master\master.js] [39m[chat],[chat-server-1],[1475277536157],[disconnect]
[2016-10-02 07:42:15.330] [INFO] crash-log - [32m[F:\work\HuntingGroundServer\node_modules\pomelo\lib\master\master.js] [39m[game],[game-server-1],[1475365335100],[disconnect]
[2016-10-02 07:42:15.332] [INFO] crash-log - [32m[F:\work\HuntingGroundServer\node_modules\pomelo\lib\master\master.js] [39m[master],[master-server-1],[1475365335332],[disconnect]
[2016-10-02 07:42:15.332] [INFO] crash-log - [32m[F:\work\HuntingGroundServer\node_modules\pomelo\lib\master\master.js] [39m[connector],[connector-server-1],[1475365335332],[disconnect]
[2016-10-02 07:42:15.333] [INFO] crash-log - [32m[F:\work\HuntingGroundServer\node_modules\pomelo\lib\master\master.js] [39m[time],[time-server-2],[1475365335333],[disconnect]
[2016-10-02 07:42:15.333] [INFO] crash-log - [32m[F:\work\HuntingGroundServer\node_modules\pomelo\lib\master\master.js] [39m[time],[time-server-1],[1475365335333],[disconnect]
[2016-10-02 07:42:15.626] [INFO] crash-log - [32m[F:\work\HuntingGroundServer\node_modules\pomelo\lib\master\master.js] [39m[chat],[chat-server-1],[1475365335626],[disconnect]
[2016-10-02 07:42:15.626] [INFO] crash-log - [32m[F:\work\HuntingGroundServer\node_modules\pomelo\lib\master\master.js] [39m[gate],[gate-server-1],[1475365335626],[disconnect]
[2016-10-03 09:19:46.091] [INFO] crash-log - [32m[F:\work\HuntingGroundServer\node_modules\pomelo\lib\master\master.js] [39m[time],[time-server-2],[1475457586091],[disconnect]
[2016-10-03 09:19:46.094] [INFO] crash-log - [32m[F:\work\HuntingGroundServer\node_modules\pomelo\lib\master\master.js] [39m[chat],[chat-server-1],[1475457586094],[disconnect]
[2016-10-03 09:19:46.095] [INFO] crash-log - [32m[F:\work\HuntingGroundServer\node_modules\pomelo\lib\master\master.js] [39m[connector],[connector-server-1],[1475457586095],[disconnect]
[2016-10-03 09:19:46.096] [INFO] crash-log - [32m[F:\work\HuntingGroundServer\node_modules\pomelo\lib\master\master.js] [39m[time],[time-server-1],[1475457586096],[disconnect]
[2016-10-03 09:19:46.097] [INFO] crash-log - [32m[F:\work\HuntingGroundServer\node_modules\pomelo\lib\master\master.js] [39m[game],[game-server-1],[1475457586097],[disconnect]
[2016-10-03 09:19:46.098] [INFO] crash-log - [32m[F:\work\HuntingGroundServer\node_modules\pomelo\lib\master\master.js] [39m[master],[master-server-1],[1475457586098],[disconnect]
[2016-10-03 09:19:46.098] [INFO] crash-log - [32m[F:\work\HuntingGroundServer\node_modules\pomelo\lib\master\master.js] [39m[gate],[gate-server-1],[1475457586098],[disconnect]
[2016-10-04 09:00:44.659] [INFO] crash-log - [32m[F:\work\HuntingGroundServer\node_modules\pomelo\lib\master\master.js] [39m[chat],[chat-server-1],[1475542844659],[disconnect]
[2016-10-04 09:00:44.660] [INFO] crash-log - [32m[F:\work\HuntingGroundServer\node_modules\pomelo\lib\master\master.js] [39m[connector],[connector-server-1],[1475542844660],[disconnect]
[2016-10-04 09:00:46.084] [INFO] crash-log - [32m[F:\work\HuntingGroundServer\node_modules\pomelo\lib\master\master.js] [39m[time],[time-server-1],[1475542846084],[disconnect]
[2016-10-04 09:00:46.084] [INFO] crash-log - [32m[F:\work\HuntingGroundServer\node_modules\pomelo\lib\master\master.js] [39m[time],[time-server-2],[1475542846084],[disconnect]
[2016-10-04 09:00:46.085] [INFO] crash-log - [32m[F:\work\HuntingGroundServer\node_modules\pomelo\lib\master\master.js] [39m[gate],[gate-server-1],[1475542846085],[disconnect]
[2016-10-04 09:00:46.085] [INFO] crash-log - [32m[F:\work\HuntingGroundServer\node_modules\pomelo\lib\master\master.js] [39m[master],[master-server-1],[1475542846085],[disconnect]
[2016-10-04 09:00:46.331] [INFO] crash-log - [32m[F:\work\HuntingGroundServer\node_modules\pomelo\lib\master\master.js] [39m[game],[game-server-1],[1475542846331],[disconnect]
[2016-10-05 08:12:02.595] [INFO] crash-log - [32m[F:\work\HuntingGroundServer\node_modules\pomelo\lib\master\master.js] [39m[connector],[connector-server-1],[1475626322595],[disconnect]
[2016-10-05 08:12:02.601] [INFO] crash-log - [32m[F:\work\HuntingGroundServer\node_modules\pomelo\lib\master\master.js] [39m[master],[master-server-1],[1475626322601],[disconnect]
[2016-10-05 08:12:02.602] [INFO] crash-log - [32m[F:\work\HuntingGroundServer\node_modules\pomelo\lib\master\master.js] [39m[chat],[chat-server-1],[1475626322602],[disconnect]
[2016-10-05 08:12:02.603] [INFO] crash-log - [32m[F:\work\HuntingGroundServer\node_modules\pomelo\lib\master\master.js] [39m[game],[game-server-1],[1475626322603],[disconnect]
[2016-10-05 08:12:02.604] [INFO] crash-log - [32m[F:\work\HuntingGroundServer\node_modules\pomelo\lib\master\master.js] [39m[time],[time-server-2],[1475626322604],[disconnect]
[2016-10-05 08:12:02.604] [INFO] crash-log - [32m[F:\work\HuntingGroundServer\node_modules\pomelo\lib\master\master.js] [39m[gate],[gate-server-1],[1475626322604],[disconnect]
[2016-10-05 08:12:02.605] [INFO] crash-log - [32m[F:\work\HuntingGroundServer\node_modules\pomelo\lib\master\master.js] [39m[time],[time-server-1],[1475626322605],[disconnect]
[2016-10-06 09:08:35.806] [INFO] crash-log - [32m[F:\work\HuntingGroundServer\node_modules\pomelo\lib\master\master.js] [39m[master],[master-server-1],[1475716115806],[disconnect]
[2016-10-06 09:08:35.968] [INFO] crash-log - [32m[F:\work\HuntingGroundServer\node_modules\pomelo\lib\master\master.js] [39m[chat],[chat-server-1],[1475716115968],[disconnect]
[2016-10-06 09:08:36.776] [INFO] crash-log - [32m[F:\work\HuntingGroundServer\node_modules\pomelo\lib\master\master.js] [39m[game],[game-server-1],[1475716116776],[disconnect]
[2016-10-06 09:08:36.777] [INFO] crash-log - [32m[F:\work\HuntingGroundServer\node_modules\pomelo\lib\master\master.js] [39m[connector],[connector-server-1],[1475716116777],[disconnect]
[2016-10-06 09:08:36.777] [INFO] crash-log - [32m[F:\work\HuntingGroundServer\node_modules\pomelo\lib\master\master.js] [39m[time],[time-server-2],[1475716116777],[disconnect]
[2016-10-06 09:08:36.777] [INFO] crash-log - [32m[F:\work\HuntingGroundServer\node_modules\pomelo\lib\master\master.js] [39m[time],[time-server-1],[1475716116777],[disconnect]
[2016-10-06 09:09:43.362] [INFO] crash-log - [32m[F:\work\HuntingGroundServer\node_modules\pomelo\lib\master\master.js] [39m[chat],[chat-server-1],[1475716183362],[disconnect]
[2016-10-06 09:09:48.172] [INFO] crash-log - [32m[F:\work\HuntingGroundServer\node_modules\pomelo\lib\master\master.js] [39m[time],[time-server-1],[1475716188171],[disconnect]
[2016-10-06 09:09:48.431] [INFO] crash-log - [32m[F:\work\HuntingGroundServer\node_modules\pomelo\lib\master\master.js] [39m[time],[time-server-2],[1475716188430],[disconnect]
[2016-10-06 09:09:49.091] [INFO] crash-log - [32m[F:\work\HuntingGroundServer\node_modules\pomelo\lib\master\master.js] [39m[connector],[connector-server-1],[1475716189091],[disconnect]
[2016-10-07 08:20:22.715] [INFO] crash-log - [32m[F:\work\HuntingGroundServer\node_modules\pomelo\lib\master\master.js] [39m[connector],[connector-server-1],[1475799622569],[disconnect]
[2016-10-07 08:20:24.131] [INFO] crash-log - [32m[F:\work\HuntingGroundServer\node_modules\pomelo\lib\master\master.js] [39m[time],[time-server-1],[1475799624130],[disconnect]
[2016-10-07 08:20:24.131] [INFO] crash-log - [32m[F:\work\HuntingGroundServer\node_modules\pomelo\lib\master\master.js] [39m[chat],[chat-server-1],[1475799624131],[disconnect]
[2016-10-07 08:20:24.131] [INFO] crash-log - [32m[F:\work\HuntingGroundServer\node_modules\pomelo\lib\master\master.js] [39m[time],[time-server-2],[1475799624131],[disconnect]
[2016-10-07 08:21:25.909] [INFO] crash-log - [32m[F:\work\HuntingGroundServer\node_modules\pomelo\lib\master\master.js] [39m[time],[time-server-2],[1475799685909],[disconnect]
[2016-10-07 08:21:26.312] [INFO] crash-log - [32m[F:\work\HuntingGroundServer\node_modules\pomelo\lib\master\master.js] [39m[time],[time-server-1],[1475799686312],[disconnect]
[2016-10-07 08:21:26.398] [INFO] crash-log - [32m[F:\work\HuntingGroundServer\node_modules\pomelo\lib\master\master.js] [39m[connector],[connector-server-1],[1475799686398],[disconnect]
[2016-10-07 08:21:27.098] [INFO] crash-log - [32m[F:\work\HuntingGroundServer\node_modules\pomelo\lib\master\master.js] [39m[chat],[chat-server-1],[1475799687098],[disconnect]
[2016-10-08 09:01:10.571] [INFO] crash-log - [32m[F:\work\HuntingGroundServer\node_modules\pomelo\lib\master\master.js] [39m[game],[game-server-1],[1475888470571],[disconnect]
[2016-10-08 09:01:10.575] [INFO] crash-log - [32m[F:\work\HuntingGroundServer\node_modules\pomelo\lib\master\master.js] [39m[time],[time-server-1],[1475888470575],[disconnect]
[2016-10-08 09:01:10.575] [INFO] crash-log - [32m[F:\work\HuntingGroundServer\node_modules\pomelo\lib\master\master.js] [39m[time],[time-server-2],[1475888470575],[disconnect]
[2016-10-08 09:01:10.578] [INFO] crash-log - [32m[F:\work\HuntingGroundServer\node_modules\pomelo\lib\master\master.js] [39m[chat],[chat-server-1],[1475888470578],[disconnect]
[2016-10-08 09:01:10.579] [INFO] crash-log - [32m[F:\work\HuntingGroundServer\node_modules\pomelo\lib\master\master.js] [39m[gate],[gate-server-1],[1475888470579],[disconnect]
[2016-10-08 09:01:10.580] [INFO] crash-log - [32m[F:\work\HuntingGroundServer\node_modules\pomelo\lib\master\master.js] [39m[master],[master-server-1],[1475888470580],[disconnect]
[2016-10-08 09:01:10.581] [INFO] crash-log - [32m[F:\work\HuntingGroundServer\node_modules\pomelo\lib\master\master.js] [39m[connector],[connector-server-1],[1475888470581],[disconnect]
[2016-10-09 10:04:38.958] [INFO] crash-log - [32m[F:\work\HuntingGroundServer\node_modules\pomelo\lib\master\master.js] [39m[game],[game-server-1],[1475978678958],[disconnect]
[2016-10-09 10:04:39.168] [INFO] crash-log - [32m[F:\work\HuntingGroundServer\node_modules\pomelo\lib\master\master.js] [39m[time],[time-server-1],[1475978679167],[disconnect]
[2016-10-09 10:04:43.167] [INFO] crash-log - [32m[F:\work\HuntingGroundServer\node_modules\pomelo\lib\master\master.js] [39m[chat],[chat-server-1],[1475978683167],[disconnect]
[2016-10-09 10:04:44.967] [INFO] crash-log - [32m[F:\work\HuntingGroundServer\node_modules\pomelo\lib\master\master.js] [39m[gate],[gate-server-1],[1475978684967],[disconnect]
[2016-10-09 10:04:44.968] [INFO] crash-log - [32m[F:\work\HuntingGroundServer\node_modules\pomelo\lib\master\master.js] [39m[time],[time-server-2],[1475978684967],[disconnect]
[2016-10-09 10:04:45.363] [INFO] crash-log - [32m[F:\work\HuntingGroundServer\node_modules\pomelo\lib\master\master.js] [39m[connector],[connector-server-1],[1475978685363],[disconnect]
[2016-10-09 10:04:46.642] [INFO] crash-log - [32m[F:\work\HuntingGroundServer\node_modules\pomelo\lib\master\master.js] [39m[master],[master-server-1],[1475978686524],[disconnect]
[2016-10-09 10:05:49.820] [INFO] crash-log - [32m[F:\work\HuntingGroundServer\node_modules\pomelo\lib\master\master.js] [39m[gate],[gate-server-1],[1475978749820],[disconnect]
[2016-10-09 10:05:50.264] [INFO] crash-log - [32m[F:\work\HuntingGroundServer\node_modules\pomelo\lib\master\master.js] [39m[time],[time-server-2],[1475978750264],[disconnect]
[2016-10-09 10:05:50.524] [INFO] crash-log - [32m[F:\work\HuntingGroundServer\node_modules\pomelo\lib\master\master.js] [39m[chat],[chat-server-1],[1475978750524],[disconnect]
[2016-10-10 10:23:03.530] [INFO] crash-log - [32m[F:\work\HuntingGroundServer\node_modules\pomelo\lib\master\master.js] [39m[chat],[chat-server-1],[1476066183530],[disconnect]
[2016-10-10 10:23:03.531] [INFO] crash-log - [32m[F:\work\HuntingGroundServer\node_modules\pomelo\lib\master\master.js] [39m[time],[time-server-2],[1476066183531],[disconnect]
[2016-10-10 10:23:03.532] [INFO] crash-log - [32m[F:\work\HuntingGroundServer\node_modules\pomelo\lib\master\master.js] [39m[gate],[gate-server-1],[1476066183532],[disconnect]
[2016-10-10 10:23:03.875] [INFO] crash-log - [32m[F:\work\HuntingGroundServer\node_modules\pomelo\lib\master\master.js] [39m[master],[master-server-1],[1476066183875],[disconnect]
[2016-10-10 10:23:03.875] [INFO] crash-log - [32m[F:\work\HuntingGroundServer\node_modules\pomelo\lib\master\master.js] [39m[connector],[connector-server-1],[1476066183875],[disconnect]
[2016-10-10 10:24:05.143] [INFO] crash-log - [32m[F:\work\HuntingGroundServer\node_modules\pomelo\lib\master\master.js] [39m[gate],[gate-server-1],[1476066245143],[disconnect]
[2016-10-10 10:24:05.344] [INFO] crash-log - [32m[F:\work\HuntingGroundServer\node_modules\pomelo\lib\master\master.js] [39m[chat],[chat-server-1],[1476066245344],[disconnect]
[2016-10-10 10:24:05.418] [INFO] crash-log - [32m[F:\work\HuntingGroundServer\node_modules\pomelo\lib\master\master.js] [39m[time],[time-server-2],[1476066245418],[disconnect]
[2016-10-12 10:20:07.943] [INFO] crash-log - [32m[F:\work\HuntingGroundServer\node_modules\pomelo\lib\master\master.js] [39m[connector],[connector-server-1],[1476238807943],[disconnect]
[2016-10-12 10:20:07.953] [INFO] crash-log - [32m[F:\work\HuntingGroundServer\node_modules\pomelo\lib\master\master.js] [39m[master],[master-server-1],[1476238807953],[disconnect]
[2016-10-12 10:20:07.956] [INFO] crash-log - [32m[F:\work\HuntingGroundServer\node_modules\pomelo\lib\master\master.js] [39m[game],[game-server-1],[1476238807956],[disconnect]
[2016-10-12 10:20:07.959] [INFO] crash-log - [32m[F:\work\HuntingGroundServer\node_modules\pomelo\lib\master\master.js] [39m[chat],[chat-server-1],[1476238807959],[disconnect]
[2016-10-12 10:20:07.961] [INFO] crash-log - [32m[F:\work\HuntingGroundServer\node_modules\pomelo\lib\master\master.js] [39m[gate],[gate-server-1],[1476238807961],[disconnect]
[2016-10-12 10:20:07.962] [INFO] crash-log - [32m[F:\work\HuntingGroundServer\node_modules\pomelo\lib\master\master.js] [39m[time],[time-server-2],[1476238807962],[disconnect]
[2016-10-12 10:20:07.963] [INFO] crash-log - [32m[F:\work\HuntingGroundServer\node_modules\pomelo\lib\master\master.js] [39m[time],[time-server-1],[1476238807963],[disconnect]
[2016-10-14 08:16:59.994] [INFO] crash-log - [32m[F:\work\HuntingGroundServer\node_modules\pomelo\lib\master\master.js] [39m[game],[game-server-1],[1476404219994],[disconnect]
[2016-10-14 08:16:59.998] [INFO] crash-log - [32m[F:\work\HuntingGroundServer\node_modules\pomelo\lib\master\master.js] [39m[connector],[connector-server-1],[1476404219998],[disconnect]
[2016-10-14 08:17:00.000] [INFO] crash-log - [32m[F:\work\HuntingGroundServer\node_modules\pomelo\lib\master\master.js] [39m[time],[time-server-2],[1476404219999],[disconnect]
[2016-10-14 08:17:00.001] [INFO] crash-log - [32m[F:\work\HuntingGroundServer\node_modules\pomelo\lib\master\master.js] [39m[chat],[chat-server-1],[1476404220001],[disconnect]
[2016-10-14 08:17:00.002] [INFO] crash-log - [32m[F:\work\HuntingGroundServer\node_modules\pomelo\lib\master\master.js] [39m[time],[time-server-1],[1476404220002],[disconnect]
[2016-10-14 08:17:00.002] [INFO] crash-log - [32m[F:\work\HuntingGroundServer\node_modules\pomelo\lib\master\master.js] [39m[master],[master-server-1],[1476404220002],[disconnect]
[2016-10-14 08:17:00.003] [INFO] crash-log - [32m[F:\work\HuntingGroundServer\node_modules\pomelo\lib\master\master.js] [39m[gate],[gate-server-1],[1476404220003],[disconnect]
[2016-10-15 09:44:01.004] [INFO] crash-log - [32m[F:\work\HuntingGroundServer\node_modules\pomelo\lib\master\master.js] [39m[game],[game-server-1],[1476495841004],[disconnect]
[2016-10-15 09:44:01.008] [INFO] crash-log - [32m[F:\work\HuntingGroundServer\node_modules\pomelo\lib\master\master.js] [39m[master],[master-server-1],[1476495841008],[disconnect]
[2016-10-15 09:44:01.011] [INFO] crash-log - [32m[F:\work\HuntingGroundServer\node_modules\pomelo\lib\master\master.js] [39m[connector],[connector-server-1],[1476495841011],[disconnect]
[2016-10-15 09:44:01.014] [INFO] crash-log - [32m[F:\work\HuntingGroundServer\node_modules\pomelo\lib\master\master.js] [39m[chat],[chat-server-1],[1476495841013],[disconnect]
[2016-10-15 09:44:01.015] [INFO] crash-log - [32m[F:\work\HuntingGroundServer\node_modules\pomelo\lib\master\master.js] [39m[time],[time-server-2],[1476495841015],[disconnect]
[2016-10-15 09:44:01.016] [INFO] crash-log - [32m[F:\work\HuntingGroundServer\node_modules\pomelo\lib\master\master.js] [39m[time],[time-server-1],[1476495841016],[disconnect]
[2016-10-15 09:44:01.016] [INFO] crash-log - [32m[F:\work\HuntingGroundServer\node_modules\pomelo\lib\master\master.js] [39m[gate],[gate-server-1],[1476495841016],[disconnect]
[2016-10-16 11:39:22.037] [INFO] crash-log - [32m[F:\work\HuntingGroundServer\node_modules\pomelo\lib\master\master.js] [39m[game],[game-server-1],[1476589162037],[disconnect]
[2016-10-16 11:39:22.040] [INFO] crash-log - [32m[F:\work\HuntingGroundServer\node_modules\pomelo\lib\master\master.js] [39m[chat],[chat-server-1],[1476589162040],[disconnect]
[2016-10-16 11:39:22.043] [INFO] crash-log - [32m[F:\work\HuntingGroundServer\node_modules\pomelo\lib\master\master.js] [39m[time],[time-server-2],[1476589162043],[disconnect]
[2016-10-16 11:39:22.045] [INFO] crash-log - [32m[F:\work\HuntingGroundServer\node_modules\pomelo\lib\master\master.js] [39m[gate],[gate-server-1],[1476589162045],[disconnect]
[2016-10-16 11:39:22.046] [INFO] crash-log - [32m[F:\work\HuntingGroundServer\node_modules\pomelo\lib\master\master.js] [39m[time],[time-server-1],[1476589162046],[disconnect]
[2016-10-16 11:39:22.046] [INFO] crash-log - [32m[F:\work\HuntingGroundServer\node_modules\pomelo\lib\master\master.js] [39m[master],[master-server-1],[1476589162046],[disconnect]
[2016-10-16 11:39:22.047] [INFO] crash-log - [32m[F:\work\HuntingGroundServer\node_modules\pomelo\lib\master\master.js] [39m[connector],[connector-server-1],[1476589162047],[disconnect]
[2016-10-17 09:42:20.304] [INFO] crash-log - [32m[F:\work\HuntingGroundServer\node_modules\pomelo\lib\master\master.js] [39m[time],[time-server-2],[1476668540304],[disconnect]
[2016-10-17 09:42:20.307] [INFO] crash-log - [32m[F:\work\HuntingGroundServer\node_modules\pomelo\lib\master\master.js] [39m[connector],[connector-server-1],[1476668540307],[disconnect]
[2016-10-17 09:42:20.311] [INFO] crash-log - [32m[F:\work\HuntingGroundServer\node_modules\pomelo\lib\master\master.js] [39m[gate],[gate-server-1],[1476668540311],[disconnect]
[2016-10-17 09:42:20.313] [INFO] crash-log - [32m[F:\work\HuntingGroundServer\node_modules\pomelo\lib\master\master.js] [39m[chat],[chat-server-1],[1476668540313],[disconnect]
[2016-10-17 09:42:20.313] [INFO] crash-log - [32m[F:\work\HuntingGroundServer\node_modules\pomelo\lib\master\master.js] [39m[master],[master-server-1],[1476668540313],[disconnect]
[2016-10-17 09:42:20.314] [INFO] crash-log - [32m[F:\work\HuntingGroundServer\node_modules\pomelo\lib\master\master.js] [39m[game],[game-server-1],[1476668540314],[disconnect]
[2016-10-17 09:42:20.314] [INFO] crash-log - [32m[F:\work\HuntingGroundServer\node_modules\pomelo\lib\master\master.js] [39m[time],[time-server-1],[1476668540314],[disconnect]
[2016-10-18 09:18:40.695] [INFO] crash-log - [32m[F:\work\HuntingGroundServer\node_modules\pomelo\lib\master\master.js] [39m[connector],[connector-server-1],[1476753520694],[disconnect]
[2016-10-18 09:18:40.698] [INFO] crash-log - [32m[F:\work\HuntingGroundServer\node_modules\pomelo\lib\master\master.js] [39m[gate],[gate-server-1],[1476753520698],[disconnect]
[2016-10-18 09:18:40.701] [INFO] crash-log - [32m[F:\work\HuntingGroundServer\node_modules\pomelo\lib\master\master.js] [39m[time],[time-server-1],[1476753520700],[disconnect]
[2016-10-18 09:18:40.702] [INFO] crash-log - [32m[F:\work\HuntingGroundServer\node_modules\pomelo\lib\master\master.js] [39m[time],[time-server-2],[1476753520702],[disconnect]
[2016-10-18 09:18:40.703] [INFO] crash-log - [32m[F:\work\HuntingGroundServer\node_modules\pomelo\lib\master\master.js] [39m[master],[master-server-1],[1476753520703],[disconnect]
[2016-10-18 09:18:40.703] [INFO] crash-log - [32m[F:\work\HuntingGroundServer\node_modules\pomelo\lib\master\master.js] [39m[game],[game-server-1],[1476753520703],[disconnect]
[2016-10-18 09:18:40.704] [INFO] crash-log - [32m[F:\work\HuntingGroundServer\node_modules\pomelo\lib\master\master.js] [39m[chat],[chat-server-1],[1476753520703],[disconnect]
[2016-10-19 09:45:03.824] [INFO] crash-log - [32m[F:\work\HuntingGroundServer\node_modules\pomelo\lib\master\master.js] [39m[connector],[connector-server-1],[1476841503824],[disconnect]
[2016-10-19 09:45:07.747] [INFO] crash-log - [32m[F:\work\HuntingGroundServer\node_modules\pomelo\lib\master\master.js] [39m[chat],[chat-server-1],[1476841507747],[disconnect]
[2016-10-19 09:45:07.768] [INFO] crash-log - [32m[F:\work\HuntingGroundServer\node_modules\pomelo\lib\master\master.js] [39m[game],[game-server-1],[1476841507767],[disconnect]
[2016-10-19 09:45:07.772] [INFO] crash-log - [32m[F:\work\HuntingGroundServer\node_modules\pomelo\lib\master\master.js] [39m[time],[time-server-2],[1476841507772],[disconnect]
[2016-10-19 09:45:07.780] [INFO] crash-log - [32m[F:\work\HuntingGroundServer\node_modules\pomelo\lib\master\master.js] [39m[time],[time-server-1],[1476841507779],[disconnect]
[2016-10-19 09:45:07.782] [INFO] crash-log - [32m[F:\work\HuntingGroundServer\node_modules\pomelo\lib\master\master.js] [39m[gate],[gate-server-1],[1476841507781],[disconnect]
[2016-10-19 09:45:07.784] [INFO] crash-log - [32m[F:\work\HuntingGroundServer\node_modules\pomelo\lib\master\master.js] [39m[master],[master-server-1],[1476841507784],[disconnect]
[2016-10-20 09:48:18.742] [INFO] crash-log - [32m[F:\work\HuntingGroundServer\node_modules\pomelo\lib\master\master.js] [39m[gate],[gate-server-1],[1476928098742],[disconnect]
[2016-10-20 09:48:19.741] [INFO] crash-log - [32m[F:\work\HuntingGroundServer\node_modules\pomelo\lib\master\master.js] [39m[time],[time-server-1],[1476928099740],[disconnect]
[2016-10-20 09:48:20.872] [INFO] crash-log - [32m[F:\work\HuntingGroundServer\node_modules\pomelo\lib\master\master.js] [39m[time],[time-server-2],[1476928100872],[disconnect]
[2016-10-20 09:48:21.368] [INFO] crash-log - [32m[F:\work\HuntingGroundServer\node_modules\pomelo\lib\master\master.js] [39m[game],[game-server-1],[1476928101368],[disconnect]
[2016-10-20 09:48:21.369] [INFO] crash-log - [32m[F:\work\HuntingGroundServer\node_modules\pomelo\lib\master\master.js] [39m[chat],[chat-server-1],[1476928101369],[disconnect]
[2016-10-20 09:48:22.386] [INFO] crash-log - [32m[F:\work\HuntingGroundServer\node_modules\pomelo\lib\master\master.js] [39m[connector],[connector-server-1],[1476928102386],[disconnect]
[2016-10-20 09:48:22.626] [INFO] crash-log - [32m[F:\work\HuntingGroundServer\node_modules\pomelo\lib\master\master.js] [39m[master],[master-server-1],[1476928102626],[disconnect]
[2016-10-20 09:49:27.736] [INFO] crash-log - [32m[F:\work\HuntingGroundServer\node_modules\pomelo\lib\master\master.js] [39m[game],[game-server-1],[1476928167736],[disconnect]
[2016-10-20 09:49:27.796] [INFO] crash-log - [32m[F:\work\HuntingGroundServer\node_modules\pomelo\lib\master\master.js] [39m[connector],[connector-server-1],[1476928167796],[disconnect]
[2016-10-20 09:49:28.857] [INFO] crash-log - [32m[F:\work\HuntingGroundServer\node_modules\pomelo\lib\master\master.js] [39m[time],[time-server-1],[1476928168857],[disconnect]
[2016-10-28 08:48:20.616] [INFO] crash-log - [32m[F:\work\HuntingGroundServer\node_modules\pomelo\lib\master\master.js] [39m[connector],[connector-server-1],[1477615700616],[disconnect]
[2016-10-28 08:48:20.618] [INFO] crash-log - [32m[F:\work\HuntingGroundServer\node_modules\pomelo\lib\master\master.js] [39m[chat],[chat-server-1],[1477615700618],[disconnect]
[2016-10-28 08:48:20.620] [INFO] crash-log - [32m[F:\work\HuntingGroundServer\node_modules\pomelo\lib\master\master.js] [39m[time],[time-server-1],[1477615700620],[disconnect]
[2016-10-28 08:48:20.622] [INFO] crash-log - [32m[F:\work\HuntingGroundServer\node_modules\pomelo\lib\master\master.js] [39m[game],[game-server-1],[1477615700621],[disconnect]
[2016-10-28 08:48:20.622] [INFO] crash-log - [32m[F:\work\HuntingGroundServer\node_modules\pomelo\lib\master\master.js] [39m[time],[time-server-2],[1477615700622],[disconnect]
[2016-10-28 08:48:20.623] [INFO] crash-log - [32m[F:\work\HuntingGroundServer\node_modules\pomelo\lib\master\master.js] [39m[master],[master-server-1],[1477615700623],[disconnect]
[2016-10-28 08:48:20.624] [INFO] crash-log - [32m[F:\work\HuntingGroundServer\node_modules\pomelo\lib\master\master.js] [39m[gate],[gate-server-1],[1477615700624],[disconnect]
[2016-10-29 11:54:55.670] [INFO] crash-log - [32m[F:\work\HuntingGroundServer\node_modules\pomelo\lib\master\master.js] [39m[master],[master-server-1],[1477713295670],[disconnect]
[2016-10-29 11:54:55.672] [INFO] crash-log - [32m[F:\work\HuntingGroundServer\node_modules\pomelo\lib\master\master.js] [39m[connector],[connector-server-1],[1477713295672],[disconnect]
[2016-10-29 11:54:55.675] [INFO] crash-log - [32m[F:\work\HuntingGroundServer\node_modules\pomelo\lib\master\master.js] [39m[chat],[chat-server-1],[1477713295674],[disconnect]
[2016-10-29 11:54:55.676] [INFO] crash-log - [32m[F:\work\HuntingGroundServer\node_modules\pomelo\lib\master\master.js] [39m[time],[time-server-2],[1477713295676],[disconnect]
[2016-10-29 11:54:55.677] [INFO] crash-log - [32m[F:\work\HuntingGroundServer\node_modules\pomelo\lib\master\master.js] [39m[time],[time-server-1],[1477713295677],[disconnect]
[2016-10-29 11:54:55.677] [INFO] crash-log - [32m[F:\work\HuntingGroundServer\node_modules\pomelo\lib\master\master.js] [39m[game],[game-server-1],[1477713295677],[disconnect]
[2016-10-29 11:54:55.678] [INFO] crash-log - [32m[F:\work\HuntingGroundServer\node_modules\pomelo\lib\master\master.js] [39m[gate],[gate-server-1],[1477713295678],[disconnect]
[2016-10-31 10:38:53.487] [INFO] crash-log - [32m[F:\work\HuntingGroundServer\node_modules\pomelo\lib\master\master.js] [39m[game],[game-server-1],[1477881533486],[disconnect]
[2016-10-31 10:38:53.489] [INFO] crash-log - [32m[F:\work\HuntingGroundServer\node_modules\pomelo\lib\master\master.js] [39m[connector],[connector-server-1],[1477881533489],[disconnect]
[2016-10-31 10:38:53.491] [INFO] crash-log - [32m[F:\work\HuntingGroundServer\node_modules\pomelo\lib\master\master.js] [39m[gate],[gate-server-1],[1477881533491],[disconnect]
[2016-10-31 10:38:53.492] [INFO] crash-log - [32m[F:\work\HuntingGroundServer\node_modules\pomelo\lib\master\master.js] [39m[master],[master-server-1],[1477881533492],[disconnect]
[2016-10-31 10:38:53.493] [INFO] crash-log - [32m[F:\work\HuntingGroundServer\node_modules\pomelo\lib\master\master.js] [39m[time],[time-server-2],[1477881533493],[disconnect]
[2016-10-31 10:38:53.494] [INFO] crash-log - [32m[F:\work\HuntingGroundServer\node_modules\pomelo\lib\master\master.js] [39m[time],[time-server-1],[1477881533494],[disconnect]
[2016-10-31 10:38:53.494] [INFO] crash-log - [32m[F:\work\HuntingGroundServer\node_modules\pomelo\lib\master\master.js] [39m[chat],[chat-server-1],[1477881533494],[disconnect]
[2016-11-01 09:53:20.570] [INFO] crash-log - [32m[F:\work\HuntingGroundServer\node_modules\pomelo\lib\master\master.js] [39m[game],[game-server-1],[1477965200570],[disconnect]
[2016-11-01 09:53:20.574] [INFO] crash-log - [32m[F:\work\HuntingGroundServer\node_modules\pomelo\lib\master\master.js] [39m[chat],[chat-server-1],[1477965200574],[disconnect]
[2016-11-01 09:53:20.576] [INFO] crash-log - [32m[F:\work\HuntingGroundServer\node_modules\pomelo\lib\master\master.js] [39m[time],[time-server-1],[1477965200576],[disconnect]
[2016-11-01 09:53:20.579] [INFO] crash-log - [32m[F:\work\HuntingGroundServer\node_modules\pomelo\lib\master\master.js] [39m[time],[time-server-2],[1477965200579],[disconnect]
[2016-11-01 09:53:20.580] [INFO] crash-log - [32m[F:\work\HuntingGroundServer\node_modules\pomelo\lib\master\master.js] [39m[master],[master-server-1],[1477965200580],[disconnect]
[2016-11-01 09:53:20.581] [INFO] crash-log - [32m[F:\work\HuntingGroundServer\node_modules\pomelo\lib\master\master.js] [39m[gate],[gate-server-1],[1477965200581],[disconnect]
[2016-11-01 09:53:20.582] [INFO] crash-log - [32m[F:\work\HuntingGroundServer\node_modules\pomelo\lib\master\master.js] [39m[connector],[connector-server-1],[1477965200582],[disconnect]
[2016-11-02 09:19:49.792] [INFO] crash-log - [32m[F:\work\HuntingGroundServer\node_modules\pomelo\lib\master\master.js] [39m[master],[master-server-1],[1478049589792],[disconnect]
[2016-11-02 09:19:49.794] [INFO] crash-log - [32m[F:\work\HuntingGroundServer\node_modules\pomelo\lib\master\master.js] [39m[chat],[chat-server-1],[1478049589794],[disconnect]
[2016-11-02 09:19:49.796] [INFO] crash-log - [32m[F:\work\HuntingGroundServer\node_modules\pomelo\lib\master\master.js] [39m[time],[time-server-2],[1478049589796],[disconnect]
[2016-11-02 09:19:49.798] [INFO] crash-log - [32m[F:\work\HuntingGroundServer\node_modules\pomelo\lib\master\master.js] [39m[time],[time-server-1],[1478049589798],[disconnect]
[2016-11-02 09:19:49.799] [INFO] crash-log - [32m[F:\work\HuntingGroundServer\node_modules\pomelo\lib\master\master.js] [39m[gate],[gate-server-1],[1478049589799],[disconnect]
[2016-11-02 09:19:49.803] [INFO] crash-log - [32m[F:\work\HuntingGroundServer\node_modules\pomelo\lib\master\master.js] [39m[game],[game-server-1],[1478049589803],[disconnect]
[2016-11-02 09:19:49.803] [INFO] crash-log - [32m[F:\work\HuntingGroundServer\node_modules\pomelo\lib\master\master.js] [39m[connector],[connector-server-1],[1478049589803],[disconnect]
[2016-11-03 10:37:21.276] [INFO] crash-log - [32m[F:\work\HuntingGroundServer\node_modules\pomelo\lib\master\master.js] [39m[master],[master-server-1],[1478140641276],[disconnect]
[2016-11-03 10:37:21.278] [INFO] crash-log - [32m[F:\work\HuntingGroundServer\node_modules\pomelo\lib\master\master.js] [39m[time],[time-server-1],[1478140641278],[disconnect]
[2016-11-03 10:37:21.282] [INFO] crash-log - [32m[F:\work\HuntingGroundServer\node_modules\pomelo\lib\master\master.js] [39m[time],[time-server-2],[1478140641282],[disconnect]
[2016-11-03 10:37:21.284] [INFO] crash-log - [32m[F:\work\HuntingGroundServer\node_modules\pomelo\lib\master\master.js] [39m[chat],[chat-server-1],[1478140641284],[disconnect]
[2016-11-03 10:37:21.285] [INFO] crash-log - [32m[F:\work\HuntingGroundServer\node_modules\pomelo\lib\master\master.js] [39m[gate],[gate-server-1],[1478140641285],[disconnect]
[2016-11-03 10:37:21.286] [INFO] crash-log - [32m[F:\work\HuntingGroundServer\node_modules\pomelo\lib\master\master.js] [39m[game],[game-server-1],[1478140641286],[disconnect]
[2016-11-03 10:37:21.287] [INFO] crash-log - [32m[F:\work\HuntingGroundServer\node_modules\pomelo\lib\master\master.js] [39m[connector],[connector-server-1],[1478140641287],[disconnect]
[2016-11-04 10:21:23.228] [INFO] crash-log - [32m[F:\work\HuntingGroundServer\node_modules\pomelo\lib\master\master.js] [39m[master],[master-server-1],[1478226083228],[disconnect]
[2016-11-04 10:21:23.232] [INFO] crash-log - [32m[F:\work\HuntingGroundServer\node_modules\pomelo\lib\master\master.js] [39m[chat],[chat-server-1],[1478226083232],[disconnect]
[2016-11-04 10:21:23.235] [INFO] crash-log - [32m[F:\work\HuntingGroundServer\node_modules\pomelo\lib\master\master.js] [39m[game],[game-server-1],[1478226083235],[disconnect]
[2016-11-04 10:21:23.238] [INFO] crash-log - [32m[F:\work\HuntingGroundServer\node_modules\pomelo\lib\master\master.js] [39m[gate],[gate-server-1],[1478226083238],[disconnect]
[2016-11-04 10:21:23.240] [INFO] crash-log - [32m[F:\work\HuntingGroundServer\node_modules\pomelo\lib\master\master.js] [39m[connector],[connector-server-1],[1478226083240],[disconnect]
[2016-11-04 10:21:23.241] [INFO] crash-log - [32m[F:\work\HuntingGroundServer\node_modules\pomelo\lib\master\master.js] [39m[time],[time-server-1],[1478226083241],[disconnect]
[2016-11-04 10:21:23.245] [INFO] crash-log - [32m[F:\work\HuntingGroundServer\node_modules\pomelo\lib\master\master.js] [39m[time],[time-server-2],[1478226083245],[disconnect]
[2016-11-08 09:36:08.674] [INFO] crash-log - [32m[F:\work\HuntingGroundServer\node_modules\pomelo\lib\master\master.js] [39m[chat],[chat-server-1],[1478568968674],[disconnect]
[2016-11-08 09:36:08.846] [INFO] crash-log - [32m[F:\work\HuntingGroundServer\node_modules\pomelo\lib\master\master.js] [39m[time],[time-server-1],[1478568968846],[disconnect]
[2016-11-08 09:36:08.849] [INFO] crash-log - [32m[F:\work\HuntingGroundServer\node_modules\pomelo\lib\master\master.js] [39m[time],[time-server-2],[1478568968849],[disconnect]
[2016-11-08 09:36:08.851] [INFO] crash-log - [32m[F:\work\HuntingGroundServer\node_modules\pomelo\lib\master\master.js] [39m[game],[game-server-1],[1478568968851],[disconnect]
[2016-11-08 09:36:08.852] [INFO] crash-log - [32m[F:\work\HuntingGroundServer\node_modules\pomelo\lib\master\master.js] [39m[connector],[connector-server-1],[1478568968852],[disconnect]
[2016-11-08 09:36:08.853] [INFO] crash-log - [32m[F:\work\HuntingGroundServer\node_modules\pomelo\lib\master\master.js] [39m[gate],[gate-server-1],[1478568968853],[disconnect]
[2016-11-08 09:36:08.853] [INFO] crash-log - [32m[F:\work\HuntingGroundServer\node_modules\pomelo\lib\master\master.js] [39m[master],[master-server-1],[1478568968853],[disconnect]
[2016-11-08 21:19:07.633] [INFO] crash-log - [32m[F:\work\HuntingGroundServer\node_modules\pomelo\lib\master\master.js] [39m[game],[game-server-1],[1478611147633],[disconnect]
[2016-11-08 21:26:49.168] [INFO] crash-log - [32m[F:\work\HuntingGroundServer\node_modules\pomelo\lib\master\master.js] [39m[game],[game-server-1],[1478611609168],[disconnect]
[2016-11-10 03:44:32.397] [INFO] crash-log - [32m[F:\work\HuntingGroundServer\node_modules\pomelo\lib\master\master.js] [39m[time],[time-server-1],[1478720672397],[disconnect]
[2016-11-10 03:44:32.400] [INFO] crash-log - [32m[F:\work\HuntingGroundServer\node_modules\pomelo\lib\master\master.js] [39m[chat],[chat-server-1],[1478720672400],[disconnect]
[2016-11-10 03:44:32.403] [INFO] crash-log - [32m[F:\work\HuntingGroundServer\node_modules\pomelo\lib\master\master.js] [39m[time],[time-server-2],[1478720672403],[disconnect]
[2016-11-10 03:44:32.405] [INFO] crash-log - [32m[F:\work\HuntingGroundServer\node_modules\pomelo\lib\master\master.js] [39m[master],[master-server-1],[1478720672405],[disconnect]
[2016-11-10 03:44:32.406] [INFO] crash-log - [32m[F:\work\HuntingGroundServer\node_modules\pomelo\lib\master\master.js] [39m[gate],[gate-server-1],[1478720672406],[disconnect]
[2016-11-10 03:44:32.408] [INFO] crash-log - [32m[F:\work\HuntingGroundServer\node_modules\pomelo\lib\master\master.js] [39m[game],[game-server-1],[1478720672408],[disconnect]
[2016-11-10 03:44:32.410] [INFO] crash-log - [32m[F:\work\HuntingGroundServer\node_modules\pomelo\lib\master\master.js] [39m[connector],[connector-server-1],[1478720672410],[disconnect]
[2016-11-11 03:29:30.973] [INFO] crash-log - [32m[F:\work\HuntingGroundServer\node_modules\pomelo\lib\master\master.js] [39m[chat],[chat-server-1],[1478806170973],[disconnect]
[2016-11-11 03:29:30.977] [INFO] crash-log - [32m[F:\work\HuntingGroundServer\node_modules\pomelo\lib\master\master.js] [39m[time],[time-server-1],[1478806170977],[disconnect]
[2016-11-11 03:29:30.981] [INFO] crash-log - [32m[F:\work\HuntingGroundServer\node_modules\pomelo\lib\master\master.js] [39m[time],[time-server-2],[1478806170981],[disconnect]
[2016-11-11 03:29:30.983] [INFO] crash-log - [32m[F:\work\HuntingGroundServer\node_modules\pomelo\lib\master\master.js] [39m[master],[master-server-1],[1478806170983],[disconnect]
[2016-11-11 03:29:30.985] [INFO] crash-log - [32m[F:\work\HuntingGroundServer\node_modules\pomelo\lib\master\master.js] [39m[game],[game-server-1],[1478806170985],[disconnect]
[2016-11-11 03:29:30.990] [INFO] crash-log - [32m[F:\work\HuntingGroundServer\node_modules\pomelo\lib\master\master.js] [39m[gate],[gate-server-1],[1478806170989],[disconnect]
[2016-11-11 03:29:30.991] [INFO] crash-log - [32m[F:\work\HuntingGroundServer\node_modules\pomelo\lib\master\master.js] [39m[connector],[connector-server-1],[1478806170991],[disconnect]
[2016-11-13 08:17:40.568] [INFO] crash-log - [32m[F:\work\HuntingGroundServer\node_modules\pomelo\lib\master\master.js] [39m[time],[time-server-2],[1478996260568],[disconnect]
[2016-11-13 08:17:40.572] [INFO] crash-log - [32m[F:\work\HuntingGroundServer\node_modules\pomelo\lib\master\master.js] [39m[master],[master-server-1],[1478996260572],[disconnect]
[2016-11-13 08:17:40.576] [INFO] crash-log - [32m[F:\work\HuntingGroundServer\node_modules\pomelo\lib\master\master.js] [39m[chat],[chat-server-1],[1478996260576],[disconnect]
[2016-11-13 08:17:40.577] [INFO] crash-log - [32m[F:\work\HuntingGroundServer\node_modules\pomelo\lib\master\master.js] [39m[connector],[connector-server-1],[1478996260577],[disconnect]
[2016-11-13 08:17:40.578] [INFO] crash-log - [32m[F:\work\HuntingGroundServer\node_modules\pomelo\lib\master\master.js] [39m[game],[game-server-1],[1478996260578],[disconnect]
[2016-11-13 08:17:40.580] [INFO] crash-log - [32m[F:\work\HuntingGroundServer\node_modules\pomelo\lib\master\master.js] [39m[gate],[gate-server-1],[1478996260580],[disconnect]
[2016-11-13 08:17:40.581] [INFO] crash-log - [32m[F:\work\HuntingGroundServer\node_modules\pomelo\lib\master\master.js] [39m[time],[time-server-1],[1478996260581],[disconnect]
[2016-11-15 09:16:42.466] [INFO] crash-log - [32m[F:\work\HuntingGroundServer\node_modules\pomelo\lib\master\master.js] [39m[game],[game-server-1],[1479172602465],[disconnect]
[2016-11-15 09:16:42.470] [INFO] crash-log - [32m[F:\work\HuntingGroundServer\node_modules\pomelo\lib\master\master.js] [39m[master],[master-server-1],[1479172602470],[disconnect]
[2016-11-15 09:16:42.472] [INFO] crash-log - [32m[F:\work\HuntingGroundServer\node_modules\pomelo\lib\master\master.js] [39m[connector],[connector-server-1],[1479172602472],[disconnect]
[2016-11-15 09:16:42.473] [INFO] crash-log - [32m[F:\work\HuntingGroundServer\node_modules\pomelo\lib\master\master.js] [39m[gate],[gate-server-1],[1479172602473],[disconnect]
[2016-11-15 09:16:42.474] [INFO] crash-log - [32m[F:\work\HuntingGroundServer\node_modules\pomelo\lib\master\master.js] [39m[time],[time-server-1],[1479172602474],[disconnect]
[2016-11-15 09:16:42.475] [INFO] crash-log - [32m[F:\work\HuntingGroundServer\node_modules\pomelo\lib\master\master.js] [39m[time],[time-server-2],[1479172602474],[disconnect]
[2016-11-15 09:16:42.475] [INFO] crash-log - [32m[F:\work\HuntingGroundServer\node_modules\pomelo\lib\master\master.js] [39m[chat],[chat-server-1],[1479172602475],[disconnect]
[2016-11-17 10:17:14.232] [INFO] crash-log - [32m[F:\work\HuntingGroundServer\node_modules\pomelo\lib\master\master.js] [39m[time],[time-server-1],[1479349034232],[disconnect]
[2016-11-17 10:17:14.235] [INFO] crash-log - [32m[F:\work\HuntingGroundServer\node_modules\pomelo\lib\master\master.js] [39m[chat],[chat-server-1],[1479349034235],[disconnect]
[2016-11-17 10:17:14.237] [INFO] crash-log - [32m[F:\work\HuntingGroundServer\node_modules\pomelo\lib\master\master.js] [39m[time],[time-server-2],[1479349034237],[disconnect]
[2016-11-17 10:17:14.238] [INFO] crash-log - [32m[F:\work\HuntingGroundServer\node_modules\pomelo\lib\master\master.js] [39m[gate],[gate-server-1],[1479349034238],[disconnect]
[2016-11-17 10:17:14.239] [INFO] crash-log - [32m[F:\work\HuntingGroundServer\node_modules\pomelo\lib\master\master.js] [39m[game],[game-server-1],[1479349034239],[disconnect]
[2016-11-17 10:17:14.240] [INFO] crash-log - [32m[F:\work\HuntingGroundServer\node_modules\pomelo\lib\master\master.js] [39m[master],[master-server-1],[1479349034240],[disconnect]
[2016-11-17 10:17:14.242] [INFO] crash-log - [32m[F:\work\HuntingGroundServer\node_modules\pomelo\lib\master\master.js] [39m[connector],[connector-server-1],[1479349034242],[disconnect]
[2016-11-24 22:45:12.422] [INFO] crash-log - [32m[F:\work\HuntingGroundServer\node_modules\pomelo\lib\master\master.js] [39m[game],[game-server-1],[1479998712422],[disconnect]
[2016-11-24 22:45:15.705] [INFO] crash-log - [32m[F:\work\HuntingGroundServer\node_modules\pomelo\lib\master\master.js] [39m[gate],[gate-server-1],[1479998715705],[disconnect]
[2016-11-24 22:45:15.706] [INFO] crash-log - [32m[F:\work\HuntingGroundServer\node_modules\pomelo\lib\master\master.js] [39m[time],[time-server-2],[1479998715706],[disconnect]
[2016-11-24 22:45:15.707] [INFO] crash-log - [32m[F:\work\HuntingGroundServer\node_modules\pomelo\lib\master\master.js] [39m[time],[time-server-1],[1479998715707],[disconnect]
[2016-11-25 19:15:28.487] [INFO] crash-log - [32m[F:\work\HuntingGroundServer\node_modules\pomelo\lib\master\master.js] [39m[game],[game-server-1],[1480072528487],[disconnect]
[2016-11-27 11:12:48.616] [INFO] crash-log - [32m[F:\work\HuntingGroundServer\node_modules\pomelo\lib\master\master.js] [39m[time],[time-server-1],[1480216368616],[disconnect]
[2016-11-27 11:12:48.630] [INFO] crash-log - [32m[F:\work\HuntingGroundServer\node_modules\pomelo\lib\master\master.js] [39m[game],[game-server-1],[1480216368630],[disconnect]
[2016-11-27 11:12:48.632] [INFO] crash-log - [32m[F:\work\HuntingGroundServer\node_modules\pomelo\lib\master\master.js] [39m[chat],[chat-server-1],[1480216368632],[disconnect]
[2016-11-27 11:12:48.647] [INFO] crash-log - [32m[F:\work\HuntingGroundServer\node_modules\pomelo\lib\master\master.js] [39m[master],[master-server-1],[1480216368647],[disconnect]
[2016-11-27 11:12:48.654] [INFO] crash-log - [32m[F:\work\HuntingGroundServer\node_modules\pomelo\lib\master\master.js] [39m[time],[time-server-2],[1480216368654],[disconnect]
[2016-11-28 09:08:01.651] [INFO] crash-log - [32m[F:\work\HuntingGroundServer\node_modules\pomelo\lib\master\master.js] [39m[game],[game-server-1],[1480295281651],[disconnect]
[2016-11-28 09:08:01.653] [INFO] crash-log - [32m[F:\work\HuntingGroundServer\node_modules\pomelo\lib\master\master.js] [39m[time],[time-server-2],[1480295281653],[disconnect]
[2016-11-28 09:08:01.655] [INFO] crash-log - [32m[F:\work\HuntingGroundServer\node_modules\pomelo\lib\master\master.js] [39m[time],[time-server-1],[1480295281655],[disconnect]
[2016-11-28 09:08:01.656] [INFO] crash-log - [32m[F:\work\HuntingGroundServer\node_modules\pomelo\lib\master\master.js] [39m[chat],[chat-server-1],[1480295281656],[disconnect]
[2016-11-28 09:08:01.657] [INFO] crash-log - [32m[F:\work\HuntingGroundServer\node_modules\pomelo\lib\master\master.js] [39m[gate],[gate-server-1],[1480295281657],[disconnect]
[2016-11-28 09:08:01.658] [INFO] crash-log - [32m[F:\work\HuntingGroundServer\node_modules\pomelo\lib\master\master.js] [39m[master],[master-server-1],[1480295281657],[disconnect]
[2016-11-28 09:08:01.658] [INFO] crash-log - [32m[F:\work\HuntingGroundServer\node_modules\pomelo\lib\master\master.js] [39m[connector],[connector-server-1],[1480295281658],[disconnect]
[2016-11-29 09:45:21.075] [INFO] crash-log - [32m[F:\work\HuntingGroundServer\node_modules\pomelo\lib\master\master.js] [39m[master],[master-server-1],[1480383921075],[disconnect]
[2016-11-29 09:45:21.079] [INFO] crash-log - [32m[F:\work\HuntingGroundServer\node_modules\pomelo\lib\master\master.js] [39m[game],[game-server-1],[1480383921079],[disconnect]
[2016-11-29 09:45:21.081] [INFO] crash-log - [32m[F:\work\HuntingGroundServer\node_modules\pomelo\lib\master\master.js] [39m[gate],[gate-server-1],[1480383921081],[disconnect]
[2016-11-29 09:45:21.083] [INFO] crash-log - [32m[F:\work\HuntingGroundServer\node_modules\pomelo\lib\master\master.js] [39m[time],[time-server-1],[1480383921083],[disconnect]
[2016-11-29 09:45:21.088] [INFO] crash-log - [32m[F:\work\HuntingGroundServer\node_modules\pomelo\lib\master\master.js] [39m[connector],[connector-server-1],[1480383921088],[disconnect]
[2016-11-29 09:45:21.094] [INFO] crash-log - [32m[F:\work\HuntingGroundServer\node_modules\pomelo\lib\master\master.js] [39m[time],[time-server-2],[1480383921093],[disconnect]
[2016-11-29 09:45:21.102] [INFO] crash-log - [32m[F:\work\HuntingGroundServer\node_modules\pomelo\lib\master\master.js] [39m[chat],[chat-server-1],[1480383921102],[disconnect]
[2016-12-02 09:53:18.429] [INFO] crash-log - [32m[F:\work\HuntingGroundServer\node_modules\pomelo\lib\master\master.js] [39m[connector],[connector-server-1],[1480643598429],[disconnect]
[2016-12-02 09:53:18.432] [INFO] crash-log - [32m[F:\work\HuntingGroundServer\node_modules\pomelo\lib\master\master.js] [39m[gate],[gate-server-1],[1480643598432],[disconnect]
[2016-12-02 09:53:18.434] [INFO] crash-log - [32m[F:\work\HuntingGroundServer\node_modules\pomelo\lib\master\master.js] [39m[time],[time-server-2],[1480643598434],[disconnect]
[2016-12-02 09:53:18.435] [INFO] crash-log - [32m[F:\work\HuntingGroundServer\node_modules\pomelo\lib\master\master.js] [39m[master],[master-server-1],[1480643598435],[disconnect]
[2016-12-02 09:53:19.662] [INFO] crash-log - [32m[F:\work\HuntingGroundServer\node_modules\pomelo\lib\master\master.js] [39m[game],[game-server-1],[1480643599662],[disconnect]
[2016-12-02 09:53:19.690] [INFO] crash-log - [32m[F:\work\HuntingGroundServer\node_modules\pomelo\lib\master\master.js] [39m[chat],[chat-server-1],[1480643599690],[disconnect]
[2016-12-02 09:53:19.691] [INFO] crash-log - [32m[F:\work\HuntingGroundServer\node_modules\pomelo\lib\master\master.js] [39m[time],[time-server-1],[1480643599691],[disconnect]
[2016-12-03 09:18:30.945] [INFO] crash-log - [32m[F:\work\HuntingGroundServer\node_modules\pomelo\lib\master\master.js] [39m[game],[game-server-1],[1480727910944],[disconnect]
[2016-12-03 09:18:31.216] [INFO] crash-log - [32m[F:\work\HuntingGroundServer\node_modules\pomelo\lib\master\master.js] [39m[chat],[chat-server-1],[1480727910946],[disconnect]
[2016-12-03 09:18:31.416] [INFO] crash-log - [32m[F:\work\HuntingGroundServer\node_modules\pomelo\lib\master\master.js] [39m[time],[time-server-2],[1480727911416],[disconnect]
[2016-12-03 09:18:31.417] [INFO] crash-log - [32m[F:\work\HuntingGroundServer\node_modules\pomelo\lib\master\master.js] [39m[master],[master-server-1],[1480727911416],[disconnect]
[2016-12-03 09:18:31.417] [INFO] crash-log - [32m[F:\work\HuntingGroundServer\node_modules\pomelo\lib\master\master.js] [39m[time],[time-server-1],[1480727911417],[disconnect]
[2016-12-03 09:18:31.418] [INFO] crash-log - [32m[F:\work\HuntingGroundServer\node_modules\pomelo\lib\master\master.js] [39m[connector],[connector-server-1],[1480727911418],[disconnect]
[2016-12-03 09:18:31.420] [INFO] crash-log - [32m[F:\work\HuntingGroundServer\node_modules\pomelo\lib\master\master.js] [39m[gate],[gate-server-1],[1480727911420],[disconnect]
[2016-12-04 00:02:40.921] [INFO] crash-log - [32m[F:\work\HuntingGroundServer\node_modules\pomelo\lib\master\master.js] [39m[connector],[connector-server-1],[1480780960920],[disconnect]
[2016-12-04 00:02:40.923] [INFO] crash-log - [32m[F:\work\HuntingGroundServer\node_modules\pomelo\lib\master\master.js] [39m[gate],[gate-server-1],[1480780960923],[disconnect]
[2016-12-04 00:02:40.925] [INFO] crash-log - [32m[F:\work\HuntingGroundServer\node_modules\pomelo\lib\master\master.js] [39m[chat],[chat-server-1],[1480780960925],[disconnect]
[2016-12-04 00:02:40.926] [INFO] crash-log - [32m[F:\work\HuntingGroundServer\node_modules\pomelo\lib\master\master.js] [39m[time],[time-server-2],[1480780960926],[disconnect]
[2016-12-04 00:02:40.926] [INFO] crash-log - [32m[F:\work\HuntingGroundServer\node_modules\pomelo\lib\master\master.js] [39m[time],[time-server-1],[1480780960926],[disconnect]
[2016-12-04 00:02:40.927] [INFO] crash-log - [32m[F:\work\HuntingGroundServer\node_modules\pomelo\lib\master\master.js] [39m[master],[master-server-1],[1480780960927],[disconnect]
[2016-12-04 00:02:40.927] [INFO] crash-log - [32m[F:\work\HuntingGroundServer\node_modules\pomelo\lib\master\master.js] [39m[game],[game-server-1],[1480780960927],[disconnect]
[2016-12-04 09:23:38.961] [INFO] crash-log - [32m[F:\work\HuntingGroundServer\node_modules\pomelo\lib\master\master.js] [39m[connector],[connector-server-1],[1480814618960],[disconnect]
[2016-12-04 09:23:38.962] [INFO] crash-log - [32m[F:\work\HuntingGroundServer\node_modules\pomelo\lib\master\master.js] [39m[game],[game-server-1],[1480814618962],[disconnect]
[2016-12-04 09:23:38.963] [INFO] crash-log - [32m[F:\work\HuntingGroundServer\node_modules\pomelo\lib\master\master.js] [39m[gate],[gate-server-1],[1480814618963],[disconnect]
[2016-12-04 09:23:38.963] [INFO] crash-log - [32m[F:\work\HuntingGroundServer\node_modules\pomelo\lib\master\master.js] [39m[time],[time-server-1],[1480814618963],[disconnect]
[2016-12-04 09:23:38.964] [INFO] crash-log - [32m[F:\work\HuntingGroundServer\node_modules\pomelo\lib\master\master.js] [39m[time],[time-server-2],[1480814618964],[disconnect]
[2016-12-04 09:23:38.964] [INFO] crash-log - [32m[F:\work\HuntingGroundServer\node_modules\pomelo\lib\master\master.js] [39m[chat],[chat-server-1],[1480814618964],[disconnect]
[2016-12-04 09:23:38.964] [INFO] crash-log - [32m[F:\work\HuntingGroundServer\node_modules\pomelo\lib\master\master.js] [39m[master],[master-server-1],[1480814618964],[disconnect]
[2016-12-05 07:07:44.133] [INFO] crash-log - [32m[F:\work\HuntingGroundServer\node_modules\pomelo\lib\master\master.js] [39m[time],[time-server-1],[1480892864132],[disconnect]
[2016-12-05 07:07:44.213] [INFO] crash-log - [32m[F:\work\HuntingGroundServer\node_modules\pomelo\lib\master\master.js] [39m[gate],[gate-server-1],[1480892864213],[disconnect]
[2016-12-05 07:07:44.214] [INFO] crash-log - [32m[F:\work\HuntingGroundServer\node_modules\pomelo\lib\master\master.js] [39m[connector],[connector-server-1],[1480892864214],[disconnect]
[2016-12-05 07:07:44.229] [INFO] crash-log - [32m[F:\work\HuntingGroundServer\node_modules\pomelo\lib\master\master.js] [39m[game],[game-server-1],[1480892864214],[disconnect]
[2016-12-05 07:07:44.230] [INFO] crash-log - [32m[F:\work\HuntingGroundServer\node_modules\pomelo\lib\master\master.js] [39m[master],[master-server-1],[1480892864230],[disconnect]
[2016-12-05 07:07:44.230] [INFO] crash-log - [32m[F:\work\HuntingGroundServer\node_modules\pomelo\lib\master\master.js] [39m[time],[time-server-2],[1480892864230],[disconnect]
[2016-12-05 07:07:44.231] [INFO] crash-log - [32m[F:\work\HuntingGroundServer\node_modules\pomelo\lib\master\master.js] [39m[chat],[chat-server-1],[1480892864231],[disconnect]
[2016-12-05 07:08:44.414] [INFO] crash-log - [32m[F:\work\HuntingGroundServer\node_modules\pomelo\lib\master\master.js] [39m[time],[time-server-1],[1480892924414],[disconnect]
[2016-12-06 08:48:05.541] [INFO] crash-log - [32m[F:\work\HuntingGroundServer\node_modules\pomelo\lib\master\master.js] [39m[time],[time-server-1],[1480985285541],[disconnect]
[2016-12-06 08:48:05.544] [INFO] crash-log - [32m[F:\work\HuntingGroundServer\node_modules\pomelo\lib\master\master.js] [39m[chat],[chat-server-1],[1480985285544],[disconnect]
[2016-12-06 08:48:05.547] [INFO] crash-log - [32m[F:\work\HuntingGroundServer\node_modules\pomelo\lib\master\master.js] [39m[time],[time-server-2],[1480985285547],[disconnect]
[2016-12-06 08:48:05.549] [INFO] crash-log - [32m[F:\work\HuntingGroundServer\node_modules\pomelo\lib\master\master.js] [39m[gate],[gate-server-1],[1480985285549],[disconnect]
[2016-12-06 08:48:05.550] [INFO] crash-log - [32m[F:\work\HuntingGroundServer\node_modules\pomelo\lib\master\master.js] [39m[game],[game-server-1],[1480985285550],[disconnect]
[2016-12-06 08:48:05.551] [INFO] crash-log - [32m[F:\work\HuntingGroundServer\node_modules\pomelo\lib\master\master.js] [39m[connector],[connector-server-1],[1480985285551],[disconnect]
[2016-12-06 08:48:05.552] [INFO] crash-log - [32m[F:\work\HuntingGroundServer\node_modules\pomelo\lib\master\master.js] [39m[master],[master-server-1],[1480985285552],[disconnect]
[2016-12-12 23:14:16.042] [INFO] crash-log - [32m[/Users/liyue/work/HuntingGroundServer/node_modules/pomelo/lib/master/master.js] [39m[connector],[connector-server-1],[1481555656041],[disconnect]
[2016-12-12 23:14:16.046] [INFO] crash-log - [32m[/Users/liyue/work/HuntingGroundServer/node_modules/pomelo/lib/master/master.js] [39m[chat],[chat-server-1],[1481555656045],[disconnect]
[2016-12-12 23:14:16.047] [INFO] crash-log - [32m[/Users/liyue/work/HuntingGroundServer/node_modules/pomelo/lib/master/master.js] [39m[gamelist],[gamelist-server-1],[1481555656047],[disconnect]
[2016-12-12 23:14:16.048] [INFO] crash-log - [32m[/Users/liyue/work/HuntingGroundServer/node_modules/pomelo/lib/master/master.js] [39m[gate],[gate-server-1],[1481555656048],[disconnect]
[2016-12-12 23:14:16.049] [INFO] crash-log - [32m[/Users/liyue/work/HuntingGroundServer/node_modules/pomelo/lib/master/master.js] [39m[time],[time-server-1],[1481555656049],[disconnect]
[2016-12-12 23:14:16.049] [INFO] crash-log - [32m[/Users/liyue/work/HuntingGroundServer/node_modules/pomelo/lib/master/master.js] [39m[time],[time-server-2],[1481555656049],[disconnect]
[2016-12-12 23:14:16.050] [INFO] crash-log - [32m[/Users/liyue/work/HuntingGroundServer/node_modules/pomelo/lib/master/master.js] [39m[game],[game-server-1],[1481555656050],[disconnect]
[2016-12-12 23:14:16.051] [INFO] crash-log - [32m[/Users/liyue/work/HuntingGroundServer/node_modules/pomelo/lib/master/master.js] [39m[master],[master-server-1],[1481555656051],[disconnect]
[2016-12-12 23:15:58.011] [INFO] crash-log - [32m[/Users/liyue/work/HuntingGroundServer/node_modules/pomelo/lib/master/master.js] [39m[connector],[connector-server-1],[1481555758011],[disconnect]
[2016-12-12 23:15:58.012] [INFO] crash-log - [32m[/Users/liyue/work/HuntingGroundServer/node_modules/pomelo/lib/master/master.js] [39m[master],[master-server-1],[1481555758012],[disconnect]
[2016-12-12 23:15:58.013] [INFO] crash-log - [32m[/Users/liyue/work/HuntingGroundServer/node_modules/pomelo/lib/master/master.js] [39m[chat],[chat-server-1],[1481555758013],[disconnect]
[2016-12-12 23:15:58.014] [INFO] crash-log - [32m[/Users/liyue/work/HuntingGroundServer/node_modules/pomelo/lib/master/master.js] [39m[gate],[gate-server-1],[1481555758014],[disconnect]
[2016-12-12 23:15:58.016] [INFO] crash-log - [32m[/Users/liyue/work/HuntingGroundServer/node_modules/pomelo/lib/master/master.js] [39m[time],[time-server-1],[1481555758016],[disconnect]
[2016-12-12 23:15:58.017] [INFO] crash-log - [32m[/Users/liyue/work/HuntingGroundServer/node_modules/pomelo/lib/master/master.js] [39m[game],[game-server-1],[1481555758017],[disconnect]
[2016-12-12 23:15:58.018] [INFO] crash-log - [32m[/Users/liyue/work/HuntingGroundServer/node_modules/pomelo/lib/master/master.js] [39m[time],[time-server-2],[1481555758018],[disconnect]
[2016-12-12 23:15:58.020] [INFO] crash-log - [32m[/Users/liyue/work/HuntingGroundServer/node_modules/pomelo/lib/master/master.js] [39m[gamelist],[gamelist-server-1],[1481555758020],[disconnect]
[2016-12-12 23:30:18.021] [INFO] crash-log - [32m[/Users/liyue/work/HuntingGroundServer/node_modules/pomelo/lib/master/master.js] [39m[connector],[connector-server-1],[1481556618021],[disconnect]
[2016-12-12 23:30:18.022] [INFO] crash-log - [32m[/Users/liyue/work/HuntingGroundServer/node_modules/pomelo/lib/master/master.js] [39m[chat],[chat-server-1],[1481556618022],[disconnect]
[2016-12-12 23:30:18.023] [INFO] crash-log - [32m[/Users/liyue/work/HuntingGroundServer/node_modules/pomelo/lib/master/master.js] [39m[master],[master-server-1],[1481556618023],[disconnect]
[2016-12-12 23:30:18.024] [INFO] crash-log - [32m[/Users/liyue/work/HuntingGroundServer/node_modules/pomelo/lib/master/master.js] [39m[gate],[gate-server-1],[1481556618024],[disconnect]
[2016-12-12 23:30:18.025] [INFO] crash-log - [32m[/Users/liyue/work/HuntingGroundServer/node_modules/pomelo/lib/master/master.js] [39m[time],[time-server-2],[1481556618025],[disconnect]
[2016-12-12 23:30:18.025] [INFO] crash-log - [32m[/Users/liyue/work/HuntingGroundServer/node_modules/pomelo/lib/master/master.js] [39m[time],[time-server-1],[1481556618025],[disconnect]
[2016-12-12 23:30:18.026] [INFO] crash-log - [32m[/Users/liyue/work/HuntingGroundServer/node_modules/pomelo/lib/master/master.js] [39m[game],[game-server-1],[1481556618026],[disconnect]
[2016-12-12 23:30:18.026] [INFO] crash-log - [32m[/Users/liyue/work/HuntingGroundServer/node_modules/pomelo/lib/master/master.js] [39m[gamelist],[gamelist-server-1],[1481556618026],[disconnect]
[2016-12-12 23:32:00.015] [INFO] crash-log - [32m[/Users/liyue/work/HuntingGroundServer/node_modules/pomelo/lib/master/master.js] [39m[connector],[connector-server-1],[1481556720015],[disconnect]
[2016-12-12 23:32:00.016] [INFO] crash-log - [32m[/Users/liyue/work/HuntingGroundServer/node_modules/pomelo/lib/master/master.js] [39m[chat],[chat-server-1],[1481556720016],[disconnect]
[2016-12-12 23:32:00.017] [INFO] crash-log - [32m[/Users/liyue/work/HuntingGroundServer/node_modules/pomelo/lib/master/master.js] [39m[gate],[gate-server-1],[1481556720017],[disconnect]
[2016-12-12 23:32:00.018] [INFO] crash-log - [32m[/Users/liyue/work/HuntingGroundServer/node_modules/pomelo/lib/master/master.js] [39m[time],[time-server-2],[1481556720018],[disconnect]
[2016-12-12 23:32:00.019] [INFO] crash-log - [32m[/Users/liyue/work/HuntingGroundServer/node_modules/pomelo/lib/master/master.js] [39m[time],[time-server-1],[1481556720019],[disconnect]
[2016-12-12 23:32:00.020] [INFO] crash-log - [32m[/Users/liyue/work/HuntingGroundServer/node_modules/pomelo/lib/master/master.js] [39m[game],[game-server-1],[1481556720020],[disconnect]
[2016-12-12 23:32:00.024] [INFO] crash-log - [32m[/Users/liyue/work/HuntingGroundServer/node_modules/pomelo/lib/master/master.js] [39m[gamelist],[gamelist-server-1],[1481556720024],[disconnect]
[2016-12-12 23:32:00.025] [INFO] crash-log - [32m[/Users/liyue/work/HuntingGroundServer/node_modules/pomelo/lib/master/master.js] [39m[master],[master-server-1],[1481556720025],[disconnect]
[2016-12-13 00:29:19.535] [INFO] crash-log - [32m[/Users/liyue/work/HuntingGroundServer/node_modules/pomelo/lib/master/master.js] [39m[game],[game-server-1],[1481560159535],[disconnect]
[2016-12-13 00:29:19.810] [INFO] crash-log - [32m[/Users/liyue/work/HuntingGroundServer/node_modules/pomelo/lib/master/master.js] [39m[chat],[chat-server-1],[1481560159810],[disconnect]
[2016-12-13 00:29:19.851] [INFO] crash-log - [32m[/Users/liyue/work/HuntingGroundServer/node_modules/pomelo/lib/master/master.js] [39m[connector],[connector-server-1],[1481560159851],[disconnect]
[2016-12-13 00:29:19.857] [INFO] crash-log - [32m[/Users/liyue/work/HuntingGroundServer/node_modules/pomelo/lib/master/master.js] [39m[gate],[gate-server-1],[1481560159857],[disconnect]
[2016-12-13 00:29:19.863] [INFO] crash-log - [32m[/Users/liyue/work/HuntingGroundServer/node_modules/pomelo/lib/master/master.js] [39m[time],[time-server-1],[1481560159863],[disconnect]
[2016-12-13 00:29:19.867] [INFO] crash-log - [32m[/Users/liyue/work/HuntingGroundServer/node_modules/pomelo/lib/master/master.js] [39m[time],[time-server-2],[1481560159867],[disconnect]
[2016-12-13 00:29:19.880] [INFO] crash-log - [32m[/Users/liyue/work/HuntingGroundServer/node_modules/pomelo/lib/master/master.js] [39m[gamelist],[gamelist-server-1],[1481560159880],[disconnect]
[2016-12-13 00:29:19.882] [INFO] crash-log - [32m[/Users/liyue/work/HuntingGroundServer/node_modules/pomelo/lib/master/master.js] [39m[master],[master-server-1],[1481560159882],[disconnect]
[2016-12-14 18:55:54.095] [INFO] crash-log - [32m[/Users/liyue/work/HuntingGroundServer/node_modules/pomelo/lib/master/master.js] [39m[master],[master-server-1],[1481712954095],[disconnect]
[2016-12-14 18:55:54.098] [INFO] crash-log - [32m[/Users/liyue/work/HuntingGroundServer/node_modules/pomelo/lib/master/master.js] [39m[game],[game-server-1],[1481712954098],[disconnect]
[2016-12-14 18:55:54.100] [INFO] crash-log - [32m[/Users/liyue/work/HuntingGroundServer/node_modules/pomelo/lib/master/master.js] [39m[gamelist],[gamelist-server-1],[1481712954099],[disconnect]
[2016-12-14 18:55:54.100] [INFO] crash-log - [32m[/Users/liyue/work/HuntingGroundServer/node_modules/pomelo/lib/master/master.js] [39m[chat],[chat-server-1],[1481712954100],[disconnect]
[2016-12-14 18:55:54.101] [INFO] crash-log - [32m[/Users/liyue/work/HuntingGroundServer/node_modules/pomelo/lib/master/master.js] [39m[gate],[gate-server-1],[1481712954101],[disconnect]
[2016-12-14 18:55:54.101] [INFO] crash-log - [32m[/Users/liyue/work/HuntingGroundServer/node_modules/pomelo/lib/master/master.js] [39m[connector],[connector-server-1],[1481712954101],[disconnect]
[2016-12-14 18:55:54.102] [INFO] crash-log - [32m[/Users/liyue/work/HuntingGroundServer/node_modules/pomelo/lib/master/master.js] [39m[time],[time-server-1],[1481712954102],[disconnect]
[2016-12-14 18:55:54.103] [INFO] crash-log - [32m[/Users/liyue/work/HuntingGroundServer/node_modules/pomelo/lib/master/master.js] [39m[time],[time-server-2],[1481712954102],[disconnect]
[2016-12-14 20:02:43.029] [INFO] crash-log - [32m[/Users/liyue/work/HuntingGroundServer/node_modules/pomelo/lib/master/master.js] [39m[connector],[connector-server-1],[1481716963029],[disconnect]
[2016-12-14 20:02:43.031] [INFO] crash-log - [32m[/Users/liyue/work/HuntingGroundServer/node_modules/pomelo/lib/master/master.js] [39m[chat],[chat-server-1],[1481716963031],[disconnect]
[2016-12-14 20:02:43.032] [INFO] crash-log - [32m[/Users/liyue/work/HuntingGroundServer/node_modules/pomelo/lib/master/master.js] [39m[master],[master-server-1],[1481716963032],[disconnect]
[2016-12-14 20:02:43.033] [INFO] crash-log - [32m[/Users/liyue/work/HuntingGroundServer/node_modules/pomelo/lib/master/master.js] [39m[gate],[gate-server-1],[1481716963033],[disconnect]
[2016-12-14 20:02:43.034] [INFO] crash-log - [32m[/Users/liyue/work/HuntingGroundServer/node_modules/pomelo/lib/master/master.js] [39m[time],[time-server-1],[1481716963034],[disconnect]
[2016-12-14 20:02:43.035] [INFO] crash-log - [32m[/Users/liyue/work/HuntingGroundServer/node_modules/pomelo/lib/master/master.js] [39m[time],[time-server-2],[1481716963035],[disconnect]
[2016-12-14 20:02:43.036] [INFO] crash-log - [32m[/Users/liyue/work/HuntingGroundServer/node_modules/pomelo/lib/master/master.js] [39m[gamelist],[gamelist-server-1],[1481716963036],[disconnect]
[2016-12-14 20:02:43.037] [INFO] crash-log - [32m[/Users/liyue/work/HuntingGroundServer/node_modules/pomelo/lib/master/master.js] [39m[game],[game-server-1],[1481716963037],[disconnect]
[2016-12-15 06:54:43.015] [INFO] crash-log - [32m[/Users/liyue/work/HuntingGroundServer/node_modules/pomelo/lib/master/master.js] [39m[connector],[connector-server-1],[1481756083015],[disconnect]
[2016-12-15 06:54:43.017] [INFO] crash-log - [32m[/Users/liyue/work/HuntingGroundServer/node_modules/pomelo/lib/master/master.js] [39m[master],[master-server-1],[1481756083017],[disconnect]
[2016-12-15 06:54:43.018] [INFO] crash-log - [32m[/Users/liyue/work/HuntingGroundServer/node_modules/pomelo/lib/master/master.js] [39m[chat],[chat-server-1],[1481756083018],[disconnect]
[2016-12-15 06:54:43.019] [INFO] crash-log - [32m[/Users/liyue/work/HuntingGroundServer/node_modules/pomelo/lib/master/master.js] [39m[gate],[gate-server-1],[1481756083019],[disconnect]
[2016-12-15 06:54:43.062] [INFO] crash-log - [32m[/Users/liyue/work/HuntingGroundServer/node_modules/pomelo/lib/master/master.js] [39m[time],[time-server-1],[1481756083062],[disconnect]
[2016-12-15 06:54:43.063] [INFO] crash-log - [32m[/Users/liyue/work/HuntingGroundServer/node_modules/pomelo/lib/master/master.js] [39m[time],[time-server-2],[1481756083063],[disconnect]
[2016-12-15 06:54:43.064] [INFO] crash-log - [32m[/Users/liyue/work/HuntingGroundServer/node_modules/pomelo/lib/master/master.js] [39m[gamelist],[gamelist-server-1],[1481756083064],[disconnect]
[2016-12-15 06:54:43.065] [INFO] crash-log - [32m[/Users/liyue/work/HuntingGroundServer/node_modules/pomelo/lib/master/master.js] [39m[game],[game-server-1],[1481756083065],[disconnect]
[2016-12-15 07:49:18.012] [INFO] crash-log - [32m[/Users/liyue/work/HuntingGroundServer/node_modules/pomelo/lib/master/master.js] [39m[connector],[connector-server-1],[1481759358012],[disconnect]
[2016-12-15 07:49:18.013] [INFO] crash-log - [32m[/Users/liyue/work/HuntingGroundServer/node_modules/pomelo/lib/master/master.js] [39m[chat],[chat-server-1],[1481759358013],[disconnect]
[2016-12-15 07:49:18.014] [INFO] crash-log - [32m[/Users/liyue/work/HuntingGroundServer/node_modules/pomelo/lib/master/master.js] [39m[gate],[gate-server-1],[1481759358014],[disconnect]
[2016-12-15 07:49:18.018] [INFO] crash-log - [32m[/Users/liyue/work/HuntingGroundServer/node_modules/pomelo/lib/master/master.js] [39m[master],[master-server-1],[1481759358016],[disconnect]
[2016-12-15 07:49:18.068] [INFO] crash-log - [32m[/Users/liyue/work/HuntingGroundServer/node_modules/pomelo/lib/master/master.js] [39m[time],[time-server-2],[1481759358068],[disconnect]
[2016-12-15 07:49:18.069] [INFO] crash-log - [32m[/Users/liyue/work/HuntingGroundServer/node_modules/pomelo/lib/master/master.js] [39m[time],[time-server-1],[1481759358069],[disconnect]
[2016-12-15 07:49:18.069] [INFO] crash-log - [32m[/Users/liyue/work/HuntingGroundServer/node_modules/pomelo/lib/master/master.js] [39m[game],[game-server-1],[1481759358069],[disconnect]
[2016-12-15 07:49:18.070] [INFO] crash-log - [32m[/Users/liyue/work/HuntingGroundServer/node_modules/pomelo/lib/master/master.js] [39m[gamelist],[gamelist-server-1],[1481759358070],[disconnect]
[2016-12-15 09:35:29.024] [INFO] crash-log - [32m[/Users/liyue/work/HuntingGroundServer/node_modules/pomelo/lib/master/master.js] [39m[gate],[gate-server-1],[1481765729024],[disconnect]
[2016-12-15 09:35:29.025] [INFO] crash-log - [32m[/Users/liyue/work/HuntingGroundServer/node_modules/pomelo/lib/master/master.js] [39m[connector],[connector-server-1],[1481765729025],[disconnect]
[2016-12-15 09:35:29.031] [INFO] crash-log - [32m[/Users/liyue/work/HuntingGroundServer/node_modules/pomelo/lib/master/master.js] [39m[chat],[chat-server-1],[1481765729031],[disconnect]
[2016-12-15 09:35:29.033] [INFO] crash-log - [32m[/Users/liyue/work/HuntingGroundServer/node_modules/pomelo/lib/master/master.js] [39m[master],[master-server-1],[1481765729033],[disconnect]
[2016-12-15 09:35:29.034] [INFO] crash-log - [32m[/Users/liyue/work/HuntingGroundServer/node_modules/pomelo/lib/master/master.js] [39m[time],[time-server-1],[1481765729034],[disconnect]
[2016-12-15 09:35:29.035] [INFO] crash-log - [32m[/Users/liyue/work/HuntingGroundServer/node_modules/pomelo/lib/master/master.js] [39m[time],[time-server-2],[1481765729035],[disconnect]
[2016-12-15 09:35:29.035] [INFO] crash-log - [32m[/Users/liyue/work/HuntingGroundServer/node_modules/pomelo/lib/master/master.js] [39m[game],[game-server-1],[1481765729035],[disconnect]
[2016-12-15 09:35:29.036] [INFO] crash-log - [32m[/Users/liyue/work/HuntingGroundServer/node_modules/pomelo/lib/master/master.js] [39m[gamelist],[gamelist-server-1],[1481765729036],[disconnect]
[2016-12-15 11:47:40.012] [INFO] crash-log - [32m[/Users/liyue/work/HuntingGroundServer/node_modules/pomelo/lib/master/master.js] [39m[chat],[chat-server-1],[1481773660012],[disconnect]
[2016-12-15 11:47:40.014] [INFO] crash-log - [32m[/Users/liyue/work/HuntingGroundServer/node_modules/pomelo/lib/master/master.js] [39m[master],[master-server-1],[1481773660014],[disconnect]
[2016-12-15 11:47:40.020] [INFO] crash-log - [32m[/Users/liyue/work/HuntingGroundServer/node_modules/pomelo/lib/master/master.js] [39m[connector],[connector-server-1],[1481773660020],[disconnect]
[2016-12-15 11:47:40.022] [INFO] crash-log - [32m[/Users/liyue/work/HuntingGroundServer/node_modules/pomelo/lib/master/master.js] [39m[gate],[gate-server-1],[1481773660022],[disconnect]
[2016-12-15 11:47:40.023] [INFO] crash-log - [32m[/Users/liyue/work/HuntingGroundServer/node_modules/pomelo/lib/master/master.js] [39m[time],[time-server-1],[1481773660023],[disconnect]
[2016-12-15 11:47:40.023] [INFO] crash-log - [32m[/Users/liyue/work/HuntingGroundServer/node_modules/pomelo/lib/master/master.js] [39m[time],[time-server-2],[1481773660023],[disconnect]
[2016-12-15 11:47:40.026] [INFO] crash-log - [32m[/Users/liyue/work/HuntingGroundServer/node_modules/pomelo/lib/master/master.js] [39m[game],[game-server-1],[1481773660026],[disconnect]
[2016-12-15 11:47:40.027] [INFO] crash-log - [32m[/Users/liyue/work/HuntingGroundServer/node_modules/pomelo/lib/master/master.js] [39m[gamelist],[gamelist-server-1],[1481773660027],[disconnect]
[2016-12-15 15:02:52.331] [INFO] crash-log - [32m[/Users/liyue/work/HuntingGroundServer/node_modules/pomelo/lib/master/master.js] [39m[time],[time-server-1],[1481785372331],[disconnect]
[2016-12-15 15:02:52.340] [INFO] crash-log - [32m[/Users/liyue/work/HuntingGroundServer/node_modules/pomelo/lib/master/master.js] [39m[chat],[chat-server-1],[1481785372339],[disconnect]
[2016-12-15 15:02:52.341] [INFO] crash-log - [32m[/Users/liyue/work/HuntingGroundServer/node_modules/pomelo/lib/master/master.js] [39m[master],[master-server-1],[1481785372341],[disconnect]
[2016-12-15 15:02:52.556] [INFO] crash-log - [32m[/Users/liyue/work/HuntingGroundServer/node_modules/pomelo/lib/master/master.js] [39m[gate],[gate-server-1],[1481785372556],[disconnect]
[2016-12-15 15:02:52.560] [INFO] crash-log - [32m[/Users/liyue/work/HuntingGroundServer/node_modules/pomelo/lib/master/master.js] [39m[gamelist],[gamelist-server-1],[1481785372560],[disconnect]
[2016-12-15 15:02:52.563] [INFO] crash-log - [32m[/Users/liyue/work/HuntingGroundServer/node_modules/pomelo/lib/master/master.js] [39m[connector],[connector-server-1],[1481785372563],[disconnect]
[2016-12-15 15:02:52.565] [INFO] crash-log - [32m[/Users/liyue/work/HuntingGroundServer/node_modules/pomelo/lib/master/master.js] [39m[time],[time-server-2],[1481785372565],[disconnect]
[2016-12-15 15:02:52.566] [INFO] crash-log - [32m[/Users/liyue/work/HuntingGroundServer/node_modules/pomelo/lib/master/master.js] [39m[game],[game-server-1],[1481785372566],[disconnect]
